2026-02-12 20:26:40,179 - INFO - Initializing Database...
2026-02-12 20:26:40,235 - INFO - Starting ServiceBox API Server...
2026-02-12 20:26:40,235 - INFO - Docs available at http://localhost:8000/docs
2026-02-12 20:28:11,369 - INFO - Initializing Database...
2026-02-12 20:28:11,407 - INFO - Starting ServiceBox API Server...
2026-02-12 20:28:11,407 - INFO - Docs available at http://localhost:8005/docs
2026-02-12 20:33:20,794 - INFO - [ServiceBoxDownloader] Starting download for VIN: VF3EBRHD8BZ038648
2026-02-12 20:33:44,355 - INFO - Initializing Database...
2026-02-12 20:33:44,389 - INFO - Starting ServiceBox API Server...
2026-02-12 20:33:44,390 - INFO - Docs available at http://localhost:8005/docs
2026-02-12 20:34:20,220 - INFO - Initializing Database...
2026-02-12 20:34:20,257 - INFO - Starting ServiceBox API Server...
2026-02-12 20:34:20,258 - INFO - Docs available at http://localhost:8005/docs
2026-02-12 20:34:32,027 - INFO - [ServiceBoxDownloader] Starting download for VIN: VF3EBRHD8BZ038648
2026-02-12 20:34:39,934 - INFO - No new popup detected, using current page.
2026-02-12 20:34:39,939 - INFO - Attempting to enter VIN: VF3EBRHD8BZ038648
2026-02-12 20:35:10,021 - INFO - Navigation timeout. Checking content...
2026-02-12 20:35:10,047 - INFO - Dashboard loaded. Extracting vehicle data...
2026-02-12 20:35:10,105 - INFO - Extracted data: {'warranty_details': {'Garantiebeginndatum': '05/07/2011', 'Verkaufsland': 'AT', 'Verkaufshändler': '0202218', 'Garantieende': '05/07/2013', 'Zuständiges Land': 'AT', 'Zuständiger HDL': '0303158', 'Garantieende Korrosion': '05/07/2023'}, 'lcdv': {'G': '1', 'M': 'P', 'LP': 'VV', 'SI': 'AF', 'F': 'T', 'MO': 'BR', 'BV': '6', 'BC': '04', 'CC': 'A0', 'AM': '7', 'MD': '0', 'HE': 'P0', 'CA': 'WP', 'HI': '6F', 'CG': 'FR'}, 'recalls': {'status': 'None', 'message': 'Mit dieser VIN sind keine Überprüfungsaktionen verbunden', 'tab_text': 'Überprüfungsaktion (0)'}}
2026-02-12 20:35:15,434 - INFO - Waiting for popup URL to settle...
2026-02-12 20:35:15,434 - INFO - Final Popup URL: https://servicebox.peugeot.com/docapvpr/synthesePE.do?condutil=4675_0244613299918KCO&condutilsevere=4676_0244613378973oCo
2026-02-13 14:18:23,032 - INFO - Initializing Database...
2026-02-13 14:18:23,101 - INFO - Starting ServiceBox API Server...
2026-02-13 14:18:23,101 - INFO - Docs available at http://localhost:8005/docs
2026-02-13 14:20:26,142 - INFO - [ServiceBoxDownloader] Starting download for VIN: VF3MCYHZRLL006667
2026-02-13 14:20:39,710 - INFO - No new popup detected, using current page.
2026-02-13 14:20:39,715 - INFO - Attempting to enter VIN: VF3MCYHZRLL006667
2026-02-13 14:21:09,783 - INFO - Navigation timeout. Checking content...
2026-02-13 14:21:09,805 - INFO - Dashboard loaded. Extracting vehicle data...
2026-02-13 14:21:09,863 - INFO - Extracted data: {'warranty_details': {'Garantiebeginndatum': '02/03/2020', 'Verkaufsland': 'AT', 'Verkaufshändler': '0209008', 'Garantieende': '02/03/2022', 'Zuständiges Land': 'AT', 'Zuständiger HDL': '0209008', 'Garantieende Korrosion': '02/03/2032'}, 'lcdv': {'G': '1', 'M': 'P', 'LP': 'P7', 'SI': 'CM', 'F': 'T', 'MO': 'MA', 'BV': '1', 'BC': 'B0', 'CC': 'A0', 'AM': 'D', 'MD': '0', 'HE': 'P0', 'CA': 'WP', 'HI': '48', 'CG': 'FH'}, 'recalls': {'status': 'Unknown', 'message': '', 'tab_text': 'Überprüfungsaktion (1)'}}
2026-02-13 14:21:15,979 - INFO - Waiting for popup URL to settle...
2026-02-13 14:21:15,979 - INFO - Final Popup URL: https://servicebox.peugeot.com/docapvpr/synthesePE.do?condutil=8443_0244613299918KCO&condutilsevere=8444_0244613378973oCo
2026-02-13 14:25:00,397 - WARNING - Restart requested via API.
2026-02-13 14:25:03,712 - INFO - Initializing Database...
2026-02-13 14:25:03,744 - INFO - Starting ServiceBox API Server...
2026-02-13 14:25:03,744 - INFO - Docs available at http://localhost:8005/docs
2026-02-13 14:25:13,060 - INFO - [ServiceBoxDownloader] Starting download for VIN: VF3MCYHZRLL006667
2026-02-13 14:25:20,796 - INFO - No new popup detected, using current page.
2026-02-13 14:25:20,801 - INFO - Attempting to enter VIN: VF3MCYHZRLL006667
2026-02-13 14:25:50,876 - INFO - Navigation timeout. Checking content...
2026-02-13 14:25:50,902 - INFO - Dashboard loaded. Extracting vehicle data...
2026-02-13 14:25:50,960 - INFO - Extracted data: {'warranty_details': {'Garantiebeginndatum': '02/03/2020', 'Verkaufsland': 'AT', 'Verkaufshändler': '0209008', 'Garantieende': '02/03/2022', 'Zuständiges Land': 'AT', 'Zuständiger HDL': '0209008', 'Garantieende Korrosion': '02/03/2032'}, 'lcdv': {'G': '1', 'M': 'P', 'LP': 'P7', 'SI': 'CM', 'F': 'T', 'MO': 'MA', 'BV': '1', 'BC': 'B0', 'CC': 'A0', 'AM': 'D', 'MD': '0', 'HE': 'P0', 'CA': 'WP', 'HI': '48', 'CG': 'FH'}, 'recalls': {'status': 'Active', 'message': 'Der Wert ist zu lang als Suchkriterium', 'tab_text': 'Überprüfungsaktion (1)'}}
2026-02-13 14:25:56,464 - INFO - Waiting for popup URL to settle...
2026-02-13 14:25:56,465 - INFO - Final Popup URL: https://servicebox.peugeot.com/docapvpr/synthesePE.do?condutil=8443_0244613299918KCO&condutilsevere=8444_0244613378973oCo
2026-02-13 14:39:41,052 - WARNING - Restart requested via API.
2026-02-13 14:39:44,878 - INFO - Initializing Database...
2026-02-13 14:39:44,913 - INFO - Starting ServiceBox API Server...
2026-02-13 14:39:44,914 - INFO - Docs available at http://localhost:8005/docs
2026-02-13 14:39:54,224 - INFO - [ServiceBoxDownloader] Starting download for VIN: VF3MCYHZRLL006667
2026-02-13 14:40:02,566 - INFO - No new popup detected, using current page.
2026-02-13 14:40:02,571 - INFO - Attempting to enter VIN: VF3MCYHZRLL006667
2026-02-13 14:40:32,640 - INFO - Navigation timeout. Checking content...
2026-02-13 14:40:32,664 - INFO - Dashboard loaded. Extracting vehicle data (initial)...
2026-02-13 14:40:32,722 - INFO - Detected 1 recalls. Clicking tab to extract details...
2026-02-13 14:40:34,836 - INFO - Extracted data: {'warranty_details': {'Garantiebeginndatum': '02/03/2020', 'Verkaufsland': 'AT', 'Verkaufshändler': '0209008', 'Garantieende': '02/03/2022', 'Zuständiges Land': 'AT', 'Zuständiger HDL': '0209008', 'Garantieende Korrosion': '02/03/2032'}, 'lcdv': {'G': '1', 'M': 'P', 'LP': 'P7', 'SI': 'CM', 'F': 'T', 'MO': 'MA', 'BV': '1', 'BC': 'B0', 'CC': 'A0', 'AM': 'D', 'MD': '0', 'HE': 'P0', 'CA': 'WP', 'HI': '48', 'CG': 'FH'}, 'recalls': {'status': 'None', 'message': 'All recalls completed', 'tab_text': 'Überprüfungsaktion (1)', 'details': [{'code': 'JZU', 'description': 'alle Typen Software Motorsteuergerät', 'status': 'Unknown'}, {'code': 'MXL', 'description': 'MXL - Cross Carline - Nockenwellenkette', 'status': 'Unknown'}]}}
2026-02-13 14:40:40,263 - INFO - Waiting for popup URL to settle...
2026-02-13 14:40:40,263 - INFO - Final Popup URL: https://servicebox.peugeot.com/docapvpr/synthesePE.do?condutil=8443_0244613299918KCO&condutilsevere=8444_0244613378973oCo
2026-02-13 14:40:43,509 - INFO - [ServiceBoxDownloader] Starting download for VIN: VF3MCYHZRKS496649
2026-02-13 14:40:50,944 - INFO - No new popup detected, using current page.
2026-02-13 14:40:50,948 - INFO - Attempting to enter VIN: VF3MCYHZRKS496649
2026-02-13 14:41:21,020 - INFO - Navigation timeout. Checking content...
2026-02-13 14:41:21,042 - INFO - Dashboard loaded. Extracting vehicle data (initial)...
2026-02-13 14:41:21,099 - INFO - Detected 1 recalls. Clicking tab to extract details...
2026-02-13 14:41:23,212 - INFO - Extracted data: {'warranty_details': {'Garantiebeginndatum': '27/12/2019', 'Verkaufsland': 'AT', 'Verkaufshändler': '0604108', 'Garantieende': '27/12/2021', 'Zuständiges Land': 'AT', 'Zuständiger HDL': '0604108', 'Garantieende Korrosion': '27/12/2031'}, 'lcdv': {'G': '1', 'M': 'P', 'LP': 'P8', 'SI': 'SY', 'F': 'T', 'MO': 'MA', 'BV': '1', 'BC': 'B0', 'CC': 'A0', 'AM': 'D', 'MD': '0', 'HE': 'M5', 'CA': 'F3', 'HI': '48', 'CG': 'FH'}, 'recalls': {'status': 'None', 'message': 'All recalls completed', 'tab_text': 'Überprüfungsaktion (1)', 'details': [{'code': 'JZU', 'description': 'alle Typen Software Motorsteuergerät', 'status': 'Unknown'}, {'code': 'MXL', 'description': 'MXL - Cross Carline - Nockenwellenkette', 'status': 'Unknown'}]}}
2026-02-13 14:41:25,845 - WARNING - Restart requested via API.
2026-02-13 14:41:28,689 - INFO - Initializing Database...
2026-02-13 14:41:28,723 - INFO - Starting ServiceBox API Server...
2026-02-13 14:41:28,723 - INFO - Docs available at http://localhost:8005/docs
2026-02-13 14:41:44,847 - INFO - [ServiceBoxDownloader] Starting download for VIN: VF3MCYHZRLL006667
2026-02-13 14:41:52,009 - INFO - No new popup detected, using current page.
2026-02-13 14:41:52,014 - INFO - Attempting to enter VIN: VF3MCYHZRLL006667
2026-02-13 14:42:22,093 - INFO - Navigation timeout. Checking content...
2026-02-13 14:42:22,115 - INFO - Dashboard loaded. Extracting vehicle data (initial)...
2026-02-13 14:42:22,173 - INFO - Detected 1 recalls. Clicking tab to extract details...
2026-02-13 14:42:24,277 - INFO - Extracted data: {'warranty_details': {'Garantiebeginndatum': '02/03/2020', 'Verkaufsland': 'AT', 'Verkaufshändler': '0209008', 'Garantieende': '02/03/2022', 'Zuständiges Land': 'AT', 'Zuständiger HDL': '0209008', 'Garantieende Korrosion': '02/03/2032'}, 'lcdv': {'G': '1', 'M': 'P', 'LP': 'P7', 'SI': 'CM', 'F': 'T', 'MO': 'MA', 'BV': '1', 'BC': 'B0', 'CC': 'A0', 'AM': 'D', 'MD': '0', 'HE': 'P0', 'CA': 'WP', 'HI': '48', 'CG': 'FH'}, 'recalls': {'status': 'None', 'message': 'All recalls completed', 'tab_text': 'Überprüfungsaktion (1)', 'details': [{'code': 'JZU', 'description': 'alle Typen Software Motorsteuergerät', 'status': 'Unknown'}, {'code': 'MXL', 'description': 'MXL - Cross Carline - Nockenwellenkette', 'status': 'Unknown'}]}}
2026-02-13 14:42:30,665 - INFO - Waiting for popup URL to settle...
2026-02-13 14:42:30,666 - INFO - Final Popup URL: https://servicebox.peugeot.com/docapvpr/synthesePE.do?condutil=8443_0244613299918KCO&condutilsevere=8444_0244613378973oCo
2026-02-13 14:48:24,340 - WARNING - Restart requested via API.
2026-02-13 14:48:27,669 - INFO - Initializing Database...
2026-02-13 14:48:27,699 - INFO - Starting ServiceBox API Server...
2026-02-13 14:48:27,699 - INFO - Docs available at http://localhost:8005/docs
2026-02-13 14:48:42,552 - INFO - [ServiceBoxDownloader] Starting download for VIN: VF3MCYHZRLL006667
2026-02-13 14:48:49,555 - INFO - No new popup detected, using current page.
2026-02-13 14:48:49,560 - INFO - Attempting to enter VIN: VF3MCYHZRLL006667
2026-02-13 14:49:19,627 - INFO - Navigation timeout. Checking content...
2026-02-13 14:49:19,650 - INFO - Dashboard loaded. Extracting vehicle data (initial)...
2026-02-13 14:49:19,708 - INFO - Detected 1 recalls. Clicking tab to extract details...
2026-02-13 14:49:21,833 - INFO - Extracted data: {'warranty_details': {'Garantiebeginndatum': '02/03/2020', 'Verkaufsland': 'AT', 'Verkaufshändler': '0209008', 'Garantieende': '02/03/2022', 'Zuständiges Land': 'AT', 'Zuständiger HDL': '0209008', 'Garantieende Korrosion': '02/03/2032'}, 'lcdv': {'G': '1', 'M': 'P', 'LP': 'P7', 'SI': 'CM', 'F': 'T', 'MO': 'MA', 'BV': '1', 'BC': 'B0', 'CC': 'A0', 'AM': 'D', 'MD': '0', 'HE': 'P0', 'CA': 'WP', 'HI': '48', 'CG': 'FH'}, 'recalls': {'status': 'Active', 'message': 'Active Codes: MXL', 'tab_text': 'Überprüfungsaktion (1)', 'details': [{'code': 'JZU', 'description': 'alle Typen Software Motorsteuergerät', 'status': 'Done'}, {'code': 'MXL', 'description': 'MXL - Cross Carline - Nockenwellenkette', 'status': 'Open'}]}}
2026-02-13 14:49:27,156 - INFO - Waiting for popup URL to settle...
2026-02-13 14:49:27,156 - INFO - Final Popup URL: https://servicebox.peugeot.com/docapvpr/synthesePE.do?condutil=8443_0244613299918KCO&condutilsevere=8444_0244613378973oCo
2026-02-13 14:49:30,424 - INFO - [ServiceBoxDownloader] Starting download for VIN: VF3MCYHZRKS496649
2026-02-13 14:49:37,519 - INFO - No new popup detected, using current page.
2026-02-13 14:49:37,523 - INFO - Attempting to enter VIN: VF3MCYHZRKS496649
2026-02-13 14:50:07,604 - INFO - Navigation timeout. Checking content...
2026-02-13 14:50:07,627 - INFO - Dashboard loaded. Extracting vehicle data (initial)...
2026-02-13 14:50:07,683 - INFO - Detected 1 recalls. Clicking tab to extract details...
2026-02-13 14:50:09,809 - INFO - Extracted data: {'warranty_details': {'Garantiebeginndatum': '27/12/2019', 'Verkaufsland': 'AT', 'Verkaufshändler': '0604108', 'Garantieende': '27/12/2021', 'Zuständiges Land': 'AT', 'Zuständiger HDL': '0604108', 'Garantieende Korrosion': '27/12/2031'}, 'lcdv': {'G': '1', 'M': 'P', 'LP': 'P8', 'SI': 'SY', 'F': 'T', 'MO': 'MA', 'BV': '1', 'BC': 'B0', 'CC': 'A0', 'AM': 'D', 'MD': '0', 'HE': 'M5', 'CA': 'F3', 'HI': '48', 'CG': 'FH'}, 'recalls': {'status': 'Active', 'message': 'Active Codes: MXL', 'tab_text': 'Überprüfungsaktion (1)', 'details': [{'code': 'JZU', 'description': 'alle Typen Software Motorsteuergerät', 'status': 'Done'}, {'code': 'MXL', 'description': 'MXL - Cross Carline - Nockenwellenkette', 'status': 'Open'}]}}
2026-02-13 14:50:15,651 - INFO - Waiting for popup URL to settle...
2026-02-13 14:50:15,651 - INFO - Final Popup URL: https://servicebox.peugeot.com/docapvpr/synthesePE.do?condutil=8433_0244613299918KCO&condutilsevere=8434_0244613378973oCo
2026-02-13 14:50:18,688 - INFO - [ServiceBoxDownloader] Starting download for VIN: VR7ECYHZRLJ561266
2026-02-13 14:50:25,608 - INFO - No new popup detected, using current page.
2026-02-13 14:50:25,612 - INFO - Attempting to enter VIN: VR7ECYHZRLJ561266
2026-02-13 14:50:55,689 - INFO - Navigation timeout. Checking content...
2026-02-13 14:50:55,711 - INFO - Dashboard loaded. Extracting vehicle data (initial)...
2026-02-13 14:50:55,767 - INFO - Detected 2 recalls. Clicking tab to extract details...
2026-02-13 14:50:57,888 - INFO - Extracted data: {'warranty_details': {'Garantiebeginndatum': '27/02/2020', 'Verkaufsland': 'AT', 'Verkaufshändler': '000112O', 'Garantieende': '27/02/2022', 'Zuständiges Land': 'AT', 'Zuständiger HDL': '000112O', 'Garantieende Korrosion': '27/02/2032'}, 'lcdv': {'G': '1', 'M': 'C', 'LP': 'K9', 'SI': 'AF', 'F': 'V', 'MO': 'MA', 'BV': '1', 'BC': 'B0', 'CC': 'A0', 'AM': '2', 'MD': '0', 'HE': 'M0', 'CA': 'JG', 'HI': 'OE', 'CG': 'FQ'}, 'recalls': {'status': 'Active', 'message': 'Active Codes: HLP, NY5', 'tab_text': 'Überprüfungsaktion (2)', 'details': [{'code': 'HLP', 'description': 'Berlingo (K9) Software BSI', 'status': 'Open'}, {'code': 'NY5', 'description': 'NY5 - Cross Carline - Nockenwellenkette', 'status': 'Open'}]}}
2026-02-13 14:51:03,027 - INFO - Waiting for popup URL to settle...
2026-02-13 14:51:03,028 - INFO - Final Popup URL: https://servicebox.peugeot.com/docapvpr/synthesePE.do?condutil=9000_0244613299918KCO&condutilsevere=
2026-02-13 14:51:06,156 - INFO - [ServiceBoxDownloader] Starting download for VIN: VR7CCHPV4ST050208
2026-02-13 14:51:13,120 - INFO - No new popup detected, using current page.
2026-02-13 14:51:13,124 - INFO - Attempting to enter VIN: VR7CCHPV4ST050208
2026-02-13 14:51:43,209 - INFO - Navigation timeout. Checking content...
2026-02-13 14:51:43,232 - INFO - Dashboard loaded. Extracting vehicle data (initial)...
2026-02-13 14:51:43,288 - INFO - Detected 1 recalls. Clicking tab to extract details...
2026-02-13 14:51:45,389 - INFO - Extracted data: {'warranty_details': {'Garantiebeginndatum': '30/04/2025', 'Verkaufsland': 'AT', 'Verkaufshändler': '060461O', 'Garantieende': '30/04/2027', 'Zuständiges Land': 'AT', 'Zuständiger HDL': '060461O', 'Garantieende Korrosion': '30/04/2037'}, 'lcdv': {'G': '1', 'M': 'C', 'LP': 'SC', 'SI': 'A5', 'F': 'N', 'MO': 'JL', 'BV': 'K', 'BC': 'C0', 'CC': 'A0', 'AM': '2', 'MD': '0', 'HE': 'P0', 'CA': '7A', 'HI': 'NH', 'CG': 'FX'}, 'recalls': {'status': 'Active', 'message': 'Active Codes: GQ7', 'tab_text': 'Überprüfungsaktion (1)', 'details': [{'code': 'GJ6', 'description': 'GJ6 - Cross carline - Kraftstoffleitung', 'status': 'Done'}, {'code': 'GQ7', 'description': 'GQ7 - C3 (CC21) - Aktualisierung der Softwareversionen', 'status': 'Open'}]}}
2026-02-13 14:51:50,072 - INFO - Waiting for popup URL to settle...
2026-02-13 14:51:50,072 - INFO - Final Popup URL: https://servicebox.peugeot.com/docapvpr/synthesePE.do?condutil=12583_0244613299918KCO&condutilsevere=12584_0244613378973oCo
2026-02-13 14:51:53,078 - INFO - [ServiceBoxDownloader] Starting download for VIN: VR1J45GBUKY179922
2026-02-13 14:52:00,197 - INFO - No new popup detected, using current page.
2026-02-13 14:52:00,201 - INFO - Attempting to enter VIN: VR1J45GBUKY179922
2026-02-13 14:52:30,272 - INFO - Navigation timeout. Checking content...
2026-02-13 14:52:30,296 - INFO - Dashboard loaded. Extracting vehicle data (initial)...
2026-02-13 14:52:30,369 - INFO - Detected 2 recalls. Clicking tab to extract details...
2026-02-13 14:52:32,532 - INFO - Extracted data: {'warranty_details': {'Garantiebeginndatum': '15/01/2020', 'Verkaufsland': 'AT', 'Verkaufshändler': '009501O', 'Garantieende': '15/01/2022', 'Zuständiges Land': 'AT', 'Zuständiger HDL': '009501O', 'Garantieende Korrosion': '15/01/2032'}, 'lcdv': {'G': '1', 'M': 'S', 'LP': 'X8', 'SI': 'SU', 'F': 'L', 'MO': 'NK', 'BV': '2', 'BC': 'B0', 'CC': 'A0', 'AM': '1', 'MD': '0', 'HE': 'M0', 'CA': 'KU', 'HI': '57', 'CG': 'FW'}, 'recalls': {'status': 'Active', 'message': 'Active Codes: HUP, GK8', 'tab_text': 'Überprüfungsaktion (2)', 'details': [{'code': 'HCL', 'description': 'DS7 Crossback Software Vorführfahrzeuge', 'status': 'Done'}, {'code': 'HAJ', 'description': 'DS3 Crossback, DS7 Crossback : Software BTA', 'status': 'Done'}, {'code': 'HUP', 'description': 'DS7 Crossback PHEV AWD Software', 'status': 'Open'}, {'code': 'HZQ', 'description': 'DS7 Crossback Software', 'status': 'Done'}, {'code': 'HWK', 'description': 'DS7 Crossback PHEV AWD Räder', 'status': 'Done'}, {'code': 'JAQ', 'description': 'DS7 Crossback : Heckleuchten', 'status': 'Done'}, {'code': 'JHW', 'description': 'PHEV Korrosion Träger Antriebsbatterie', 'status': 'Done'}, {'code': 'JQF', 'description': 'alle Typen Software TMBU', 'status': 'Done'}, {'code': 'GK8', 'description': 'GK8 - C5 Aircross, DS7 - Antriebsbatterie', 'status': 'Open'}]}}
2026-02-13 14:52:37,054 - INFO - Waiting for popup URL to settle...
2026-02-13 14:52:37,054 - INFO - Final Popup URL: https://servicebox.peugeot.com/docapvpr/synthesePE.do?condutil=9993_0244613299918KCO&condutilsevere=9994_0244613378973oCo
2026-02-13 14:52:40,125 - INFO - [ServiceBoxDownloader] Starting download for VIN: VF7VFEHTMPZ044822
2026-02-13 14:52:47,176 - INFO - No new popup detected, using current page.
2026-02-13 14:52:47,180 - INFO - Attempting to enter VIN: VF7VFEHTMPZ044822
2026-02-13 14:53:17,263 - INFO - Navigation timeout. Checking content...
2026-02-13 14:53:17,294 - INFO - Dashboard loaded. Extracting vehicle data (initial)...
2026-02-13 14:53:17,359 - INFO - Detected 1 recalls. Clicking tab to extract details...
2026-02-13 14:53:19,495 - INFO - Extracted data: {'warranty_details': {'Garantiebeginndatum': '31/08/2023', 'Verkaufsland': 'AT', 'Verkaufshändler': '000112O', 'Garantieende': '31/08/2025', 'Zuständiges Land': 'AT', 'Zuständiger HDL': '000112O', 'Garantieende Korrosion': '31/08/2028'}, 'lcdv': {'G': '2', 'M': 'C', 'LP': 'K0', 'SI': 'F3', 'F': 'N', 'MO': 'WR', 'BV': 'K', 'BC': 'B0', 'CC': 'A0', 'AM': 'G', 'MD': '2', 'HE': 'P0', 'CA': 'PR', 'HI': '43', 'CG': 'FT'}, 'recalls': {'status': 'Active', 'message': 'Active Codes: GJ4', 'tab_text': 'Überprüfungsaktion (1)', 'details': [{'code': 'JWK', 'description': 'Spacetourer, Jumpy IV Klimaanlagenbedienteil', 'status': 'Done'}, {'code': 'JWN', 'description': 'Spacetourer, Jumpy IV Software BSI', 'status': 'Done'}, {'code': 'GJ4', 'description': 'GJ4 - Jumpy, Spacetourer (K0) - Niedriger In-Use-Performance-Ratio', 'status': 'Open'}]}}
2026-02-13 14:53:24,268 - INFO - Waiting for popup URL to settle...
2026-02-13 14:53:24,268 - INFO - Final Popup URL: https://servicebox.peugeot.com/docapvpr/synthesePE.do?condutil=10269_0244613299918KCO&condutilsevere=
2026-02-13 14:55:24,954 - WARNING - Restart requested via API.
2026-02-13 14:55:27,727 - INFO - Initializing Database...
2026-02-13 14:55:27,759 - INFO - Starting ServiceBox API Server...
2026-02-13 14:55:27,759 - INFO - Docs available at http://localhost:8005/docs
2026-02-13 15:17:04,358 - WARNING - Restart requested via API.
2026-02-13 15:17:07,672 - INFO - Initializing Database...
2026-02-13 15:17:07,709 - INFO - Starting ServiceBox API Server...
2026-02-13 15:17:07,710 - INFO - Docs available at http://localhost:8005/docs
2026-02-13 15:50:01,980 - WARNING - Restart requested via API.
2026-02-13 15:50:05,701 - INFO - Initializing Database...
2026-02-13 15:50:05,733 - INFO - Starting ServiceBox API Server...
2026-02-13 15:50:05,734 - INFO - Docs available at http://localhost:8005/docs
2026-02-13 16:58:49,794 - WARNING - Restart requested via API.
2026-02-13 16:58:52,648 - INFO - Initializing Database...
2026-02-13 16:58:52,679 - INFO - Starting ServiceBox API Server...
2026-02-13 16:58:52,680 - INFO - Docs available at http://localhost:8005/docs
2026-02-13 17:00:11,733 - INFO - [ServiceBoxDownloader] Starting download for VIN: VF3MCYHZRLL006667
2026-02-13 17:00:21,882 - INFO - No new popup detected, using current page.
2026-02-13 17:00:21,886 - INFO - Attempting to enter VIN: VF3MCYHZRLL006667
2026-02-13 17:00:51,958 - INFO - Navigation timeout. Checking content...
2026-02-13 17:00:51,980 - INFO - Dashboard loaded. Extracting vehicle data (initial)...
2026-02-13 17:00:52,037 - INFO - Extracted Model: 
2026-02-13 17:00:52,037 - INFO - Detected 1 recalls. Clicking tab to extract details...
2026-02-13 17:00:54,153 - INFO - Extracted data: {'warranty': {'Garantiebeginndatum': '02/03/2020', 'Verkaufsland': 'AT', 'Verkaufshändler': '0209008', 'Garantieende': '02/03/2022', 'Zuständiges Land': 'AT', 'Zuständiger HDL': '0209008', 'Garantieende Korrosion': '02/03/2032', 'Model': ''}, 'lcdv': {'G': '1', 'M': 'P', 'LP': 'P7', 'SI': 'CM', 'F': 'T', 'MO': 'MA', 'BV': '1', 'BC': 'B0', 'CC': 'A0', 'AM': 'D', 'MD': '0', 'HE': 'P0', 'CA': 'WP', 'HI': '48', 'CG': 'FH'}, 'recalls': {'status': 'Active', 'message': 'Active Codes: MXL', 'tab_text': 'Überprüfungsaktion (1)', 'details': [{'code': 'JZU', 'description': 'alle Typen Software Motorsteuergerät', 'status': 'Done'}, {'code': 'MXL', 'description': 'MXL - Cross Carline - Nockenwellenkette', 'status': 'Open'}]}}
2026-02-13 17:01:00,064 - INFO - Waiting for popup URL to settle...
2026-02-13 17:01:00,064 - INFO - Final Popup URL: https://servicebox.peugeot.com/docapvpr/synthesePE.do?condutil=8443_0244613299918KCO&condutilsevere=8444_0244613378973oCo
2026-02-13 17:02:00,233 - WARNING - Restart requested via API.
2026-02-13 17:02:03,651 - INFO - Initializing Database...
2026-02-13 17:02:03,683 - INFO - Starting ServiceBox API Server...
2026-02-13 17:02:03,683 - INFO - Docs available at http://localhost:8005/docs
2026-02-13 17:02:07,483 - INFO - [ServiceBoxDownloader] Starting download for VIN: VF3MCYHZRLL006667
2026-02-13 17:02:14,548 - INFO - No new popup detected, using current page.
2026-02-13 17:02:14,552 - INFO - Attempting to enter VIN: VF3MCYHZRLL006667
2026-02-13 17:02:44,629 - INFO - Navigation timeout. Checking content...
2026-02-13 17:02:44,656 - INFO - Dashboard loaded. Extracting vehicle data (initial)...
2026-02-13 17:02:44,714 - INFO - Extracted Model: 
2026-02-13 17:02:44,714 - INFO - Detected 1 recalls. Clicking tab to extract details...
2026-02-13 17:02:46,824 - INFO - Extracted data: {'warranty': {'Garantiebeginndatum': '02/03/2020', 'Verkaufsland': 'AT', 'Verkaufshändler': '0209008', 'Garantieende': '02/03/2022', 'Zuständiges Land': 'AT', 'Zuständiger HDL': '0209008', 'Garantieende Korrosion': '02/03/2032', 'Model': ''}, 'lcdv': {'G': '1', 'M': 'P', 'LP': 'P7', 'SI': 'CM', 'F': 'T', 'MO': 'MA', 'BV': '1', 'BC': 'B0', 'CC': 'A0', 'AM': 'D', 'MD': '0', 'HE': 'P0', 'CA': 'WP', 'HI': '48', 'CG': 'FH'}, 'recalls': {'status': 'Active', 'message': 'Active Codes: MXL', 'tab_text': 'Überprüfungsaktion (1)', 'details': [{'code': 'JZU', 'description': 'alle Typen Software Motorsteuergerät', 'status': 'Done'}, {'code': 'MXL', 'description': 'MXL - Cross Carline - Nockenwellenkette', 'status': 'Open'}]}}
2026-02-13 17:02:52,027 - INFO - Waiting for popup URL to settle...
2026-02-13 17:02:52,027 - INFO - Final Popup URL: https://servicebox.peugeot.com/docapvpr/synthesePE.do?condutil=8443_0244613299918KCO&condutilsevere=8444_0244613378973oCo
2026-02-13 17:10:34,121 - WARNING - Restart requested via API.
2026-02-13 17:10:37,684 - INFO - Initializing Database...
2026-02-13 17:10:37,726 - INFO - Starting ServiceBox API Server...
2026-02-13 17:10:37,726 - INFO - Docs available at http://localhost:8005/docs
2026-02-13 17:10:41,389 - INFO - [ServiceBoxDownloader] Starting download for VIN: VF3MCYHZRLL006667
2026-02-13 17:10:49,678 - INFO - No new popup detected, using current page.
2026-02-13 17:10:49,683 - INFO - Attempting to enter VIN: VF3MCYHZRLL006667
2026-02-13 17:11:19,759 - INFO - Navigation timeout. Checking content...
2026-02-13 17:11:19,780 - INFO - Dashboard loaded. Extracting vehicle data (initial)...
2026-02-13 17:11:19,839 - INFO - Extracted Model: 
2026-02-13 17:11:19,839 - INFO - Detected 1 recalls. Clicking tab to extract details...
2026-02-13 17:11:21,956 - INFO - Extracted data: {'warranty': {'Garantiebeginndatum': '02/03/2020', 'Verkaufsland': 'AT', 'Verkaufshändler': '0209008', 'Garantieende': '02/03/2022', 'Zuständiges Land': 'AT', 'Zuständiger HDL': '0209008', 'Garantieende Korrosion': '02/03/2032', 'Model': ''}, 'lcdv': {'G': '1', 'M': 'P', 'LP': 'P7', 'SI': 'CM', 'F': 'T', 'MO': 'MA', 'BV': '1', 'BC': 'B0', 'CC': 'A0', 'AM': 'D', 'MD': '0', 'HE': 'P0', 'CA': 'WP', 'HI': '48', 'CG': 'FH'}, 'recalls': {'status': 'Active', 'message': 'Active Codes: MXL', 'tab_text': 'Überprüfungsaktion (1)', 'details': [{'code': 'JZU', 'description': 'alle Typen Software Motorsteuergerät', 'status': 'Done'}, {'code': 'MXL', 'description': 'MXL - Cross Carline - Nockenwellenkette', 'status': 'Open'}]}}
2026-02-13 17:11:27,347 - INFO - Waiting for popup URL to settle...
2026-02-13 17:11:27,348 - INFO - Final Popup URL: https://servicebox.peugeot.com/docapvpr/synthesePE.do?condutil=8443_0244613299918KCO&condutilsevere=8444_0244613378973oCo
2026-02-13 17:15:22,271 - WARNING - Restart requested via API.
2026-02-13 17:15:25,670 - INFO - Initializing Database...
2026-02-13 17:15:25,703 - INFO - Starting ServiceBox API Server...
2026-02-13 17:15:25,703 - INFO - Docs available at http://localhost:8005/docs
2026-02-13 17:27:13,824 - WARNING - Restart requested via API.
2026-02-13 17:27:16,694 - INFO - Initializing Database...
2026-02-13 17:27:16,727 - INFO - Starting ServiceBox API Server...
2026-02-13 17:27:16,727 - INFO - Docs available at http://localhost:8005/docs
2026-02-13 17:27:21,122 - INFO - [ServiceBoxDownloader] Starting download for VIN: VF3MCYHZRLL006667
2026-02-13 17:27:28,639 - INFO - No new popup detected, using current page.
2026-02-13 17:27:28,644 - INFO - Attempting to enter VIN: VF3MCYHZRLL006667
2026-02-13 17:27:58,775 - INFO - Navigation timeout. Checking content...
2026-02-13 17:27:58,800 - INFO - Dashboard loaded. Extracting vehicle data (initial)...
2026-02-13 17:27:58,859 - INFO - Extracted Model: 
2026-02-13 17:27:58,860 - INFO - Detected 1 recalls. Clicking tab to extract details...
2026-02-13 17:28:00,989 - INFO - Extracted data: {'warranty': {'Garantiebeginndatum': '02/03/2020', 'Verkaufsland': 'AT', 'Verkaufshändler': '0209008', 'Garantieende': '02/03/2022', 'Zuständiges Land': 'AT', 'Zuständiger HDL': '0209008', 'Garantieende Korrosion': '02/03/2032', 'Model': ''}, 'lcdv': {'G': '1', 'M': 'P', 'LP': 'P7', 'SI': 'CM', 'F': 'T', 'MO': 'MA', 'BV': '1', 'BC': 'B0', 'CC': 'A0', 'AM': 'D', 'MD': '0', 'HE': 'P0', 'CA': 'WP', 'HI': '48', 'CG': 'FH'}, 'recalls': {'status': 'Active', 'message': 'Active Codes: MXL', 'tab_text': 'Überprüfungsaktion (1)', 'details': [{'code': 'JZU', 'description': 'alle Typen Software Motorsteuergerät', 'status': 'Done'}, {'code': 'MXL', 'description': 'MXL - Cross Carline - Nockenwellenkette', 'status': 'Open'}]}}
2026-02-13 17:28:06,390 - INFO - Waiting for popup URL to settle...
2026-02-13 17:28:06,390 - INFO - Final Popup URL: https://servicebox.peugeot.com/docapvpr/synthesePE.do?condutil=8443_0244613299918KCO&condutilsevere=8444_0244613378973oCo
2026-02-13 17:29:48,749 - INFO - [ServiceBoxDownloader] Starting download for VIN: VF3MCYHZRLL006667
2026-02-13 17:29:55,748 - INFO - No new popup detected, using current page.
2026-02-13 17:29:55,753 - INFO - Attempting to enter VIN: VF3MCYHZRLL006667
2026-02-13 17:30:25,825 - INFO - Navigation timeout. Checking content...
2026-02-13 17:30:25,847 - INFO - Dashboard loaded. Extracting vehicle data (initial)...
2026-02-13 17:30:25,904 - INFO - Extracted Model: 
2026-02-13 17:30:25,904 - INFO - Detected 1 recalls. Clicking tab to extract details...
2026-02-13 17:30:28,007 - INFO - Extracted data: {'warranty': {'Garantiebeginndatum': '02/03/2020', 'Verkaufsland': 'AT', 'Verkaufshändler': '0209008', 'Garantieende': '02/03/2022', 'Zuständiges Land': 'AT', 'Zuständiger HDL': '0209008', 'Garantieende Korrosion': '02/03/2032', 'Model': ''}, 'lcdv': {'G': '1', 'M': 'P', 'LP': 'P7', 'SI': 'CM', 'F': 'T', 'MO': 'MA', 'BV': '1', 'BC': 'B0', 'CC': 'A0', 'AM': 'D', 'MD': '0', 'HE': 'P0', 'CA': 'WP', 'HI': '48', 'CG': 'FH'}, 'recalls': {'status': 'Active', 'message': 'Active Codes: MXL', 'tab_text': 'Überprüfungsaktion (1)', 'details': [{'code': 'JZU', 'description': 'alle Typen Software Motorsteuergerät', 'status': 'Done'}, {'code': 'MXL', 'description': 'MXL - Cross Carline - Nockenwellenkette', 'status': 'Open'}]}}
2026-02-13 17:30:33,431 - INFO - Waiting for popup URL to settle...
2026-02-13 17:30:33,432 - INFO - Final Popup URL: https://servicebox.peugeot.com/docapvpr/synthesePE.do?condutil=8443_0244613299918KCO&condutilsevere=8444_0244613378973oCo
2026-02-13 18:02:48,108 - WARNING - Restart requested via API.
2026-02-13 18:02:51,733 - INFO - Initializing Database...
2026-02-13 18:02:51,775 - INFO - Starting ServiceBox API Server...
2026-02-13 18:02:51,775 - INFO - Docs available at http://localhost:8005/docs
2026-02-13 18:07:10,795 - INFO - [ServiceBoxDownloader] Starting download for VIN: VF3MCYHZRLL006667
2026-02-13 18:07:18,559 - INFO - No new popup detected, using current page.
2026-02-13 18:07:18,565 - INFO - Attempting to enter VIN: VF3MCYHZRLL006667
2026-02-13 18:07:48,650 - INFO - Navigation timeout. Checking content...
2026-02-13 18:07:48,675 - INFO - Dashboard loaded. Extracting vehicle data (initial)...
2026-02-13 18:07:48,734 - INFO - Extracted Model: 
2026-02-13 18:07:48,735 - INFO - Detected 1 recalls. Clicking tab to extract details...
2026-02-13 18:07:50,855 - INFO - Extracted data: {'warranty': {'Garantiebeginndatum': '02/03/2020', 'Verkaufsland': 'AT', 'Verkaufshändler': '0209008', 'Garantieende': '02/03/2022', 'Zuständiges Land': 'AT', 'Zuständiger HDL': '0209008', 'Garantieende Korrosion': '02/03/2032', 'Model': ''}, 'lcdv': {'G': '1', 'M': 'P', 'LP': 'P7', 'SI': 'CM', 'F': 'T', 'MO': 'MA', 'BV': '1', 'BC': 'B0', 'CC': 'A0', 'AM': 'D', 'MD': '0', 'HE': 'P0', 'CA': 'WP', 'HI': '48', 'CG': 'FH'}, 'recalls': {'status': 'Active', 'message': 'Active Codes: MXL', 'tab_text': 'Überprüfungsaktion (1)', 'details': [{'code': 'JZU', 'description': 'alle Typen Software Motorsteuergerät', 'status': 'Done'}, {'code': 'MXL', 'description': 'MXL - Cross Carline - Nockenwellenkette', 'status': 'Open'}]}}
2026-02-13 18:07:56,184 - INFO - Waiting for popup URL to settle...
2026-02-13 18:07:56,185 - INFO - Final Popup URL: https://servicebox.peugeot.com/docapvpr/synthesePE.do?condutil=8443_0244613299918KCO&condutilsevere=8444_0244613378973oCo
2026-02-13 19:57:49,911 - INFO - Initializing Database...
2026-02-13 19:57:49,949 - INFO - Starting ServiceBox API Server...
2026-02-13 19:57:49,949 - INFO - Docs available at http://localhost:8005/docs
2026-02-13 19:57:49,971 - INFO - Starting ServiceBox API...
2026-02-13 19:57:49,973 - INFO - JobManager Worker started.
2026-02-13 19:57:49,974 - INFO - Processing Job manual-test-1 (VIN: VIN123)
2026-02-13 19:57:49,979 - INFO - [ServiceBoxDownloader] Starting download for VIN: VIN123
2026-02-13 19:57:57,585 - INFO - No new popup detected, using current page.
2026-02-13 19:57:57,588 - INFO - Attempting to enter VIN: VIN123
2026-02-13 19:58:27,660 - INFO - Navigation timeout. Checking content...
2026-02-13 19:58:27,679 - INFO - Dashboard loaded. Extracting vehicle data (initial)...
2026-02-13 19:58:27,724 - INFO - Extracted Model: 
2026-02-13 19:58:27,724 - INFO - Extracted data: {'warranty': {'Model': ''}, 'lcdv': {}, 'recalls': {'status': 'None', 'message': 'No recalls', 'tab_text': 'Überprüfungsaktion (0)'}}
2026-02-13 19:58:57,942 - ERROR - Job manual-test-1 Failed: Unknown Error
2026-02-17 20:34:18,871 - INFO - Initializing Database...
2026-02-17 20:34:18,928 - INFO - Starting ServiceBox API Server...
2026-02-17 20:34:18,928 - INFO - Docs available at http://localhost:8005/docs
2026-02-17 20:34:18,973 - INFO - Starting ServiceBox API...
2026-02-17 20:34:18,974 - INFO - JobManager Worker started.
2026-02-17 20:34:18,976 - INFO - Shutting down ServiceBox API...
2026-02-17 20:34:18,976 - INFO - JobManager Worker stopping...
2026-02-17 20:34:39,399 - INFO - Initializing Database...
2026-02-17 20:34:39,440 - INFO - Starting ServiceBox API Server...
2026-02-17 20:34:39,440 - INFO - Docs available at http://localhost:8005/docs
2026-02-17 20:34:39,462 - INFO - Starting ServiceBox API...
2026-02-17 20:34:39,464 - INFO - JobManager Worker started.
2026-02-17 20:34:39,465 - INFO - Shutting down ServiceBox API...
2026-02-17 20:34:39,465 - INFO - JobManager Worker stopping...
2026-02-17 20:35:04,032 - INFO - Initializing Database...
2026-02-17 20:35:04,071 - INFO - Starting ServiceBox API Server...
2026-02-17 20:35:04,071 - INFO - Docs available at http://localhost:8005/docs
2026-02-17 20:35:04,095 - INFO - Starting ServiceBox API...
2026-02-17 20:35:04,096 - INFO - JobManager Worker started.
2026-02-19 20:59:41,390 - INFO - Initializing Database...
2026-02-19 20:59:41,456 - INFO - Starting ServiceBox API Server...
2026-02-19 20:59:41,456 - INFO - Docs available at http://localhost:8005/docs
2026-02-19 20:59:41,502 - INFO - Starting ServiceBox API...
2026-02-19 20:59:41,504 - INFO - JobManager Worker started.
2026-02-19 21:04:51,701 - INFO - Processing Job manual-test-2 (VIN: VF3EBRHD8BZ038648)
2026-02-19 21:04:51,707 - INFO - [ServiceBoxDownloader] Starting download for VIN: VF3EBRHD8BZ038648
2026-02-19 21:05:08,787 - INFO - No new popup detected, using current page.
2026-02-19 21:05:08,790 - INFO - Attempting to enter VIN: VF3EBRHD8BZ038648
2026-02-19 21:05:38,877 - INFO - Navigation timeout. Checking content...
2026-02-19 21:05:38,906 - INFO - Dashboard loaded. Extracting vehicle data (initial)...
2026-02-19 21:05:38,968 - INFO - Extracted Model: 
2026-02-19 21:05:38,968 - INFO - Extracted data: {'warranty': {'Garantiebeginndatum': '05/07/2011', 'Verkaufsland': 'AT', 'Verkaufshändler': '0202218', 'Garantieende': '05/07/2013', 'Zuständiges Land': 'AT', 'Zuständiger HDL': '0303158', 'Garantieende Korrosion': '05/07/2023', 'Model': ''}, 'lcdv': {'G': '1', 'M': 'P', 'LP': 'VV', 'SI': 'AF', 'F': 'T', 'MO': 'BR', 'BV': '6', 'BC': '04', 'CC': 'A0', 'AM': '7', 'MD': '0', 'HE': 'P0', 'CA': 'WP', 'HI': '6F', 'CG': 'FR'}, 'recalls': {'status': 'None', 'message': 'No recalls', 'tab_text': 'Überprüfungsaktion (0)'}}
2026-02-19 21:05:44,480 - INFO - Waiting for popup URL to settle...
2026-02-19 21:05:44,480 - INFO - Final Popup URL: https://servicebox.peugeot.com/docapvpr/synthesePE.do?condutil=4675_0244613299918KCO&condutilsevere=4676_0244613378973oCo
2026-02-19 21:07:08,564 - INFO - Initializing Database...
2026-02-19 21:07:08,612 - INFO - Starting ServiceBox API Server...
2026-02-19 21:07:08,613 - INFO - Docs available at http://localhost:8005/docs
2026-02-19 21:07:08,638 - INFO - Starting ServiceBox API...
2026-02-19 21:07:08,640 - INFO - JobManager Worker started.
2026-02-19 21:16:36,982 - INFO - Processing Job api-hang-check (VIN: VF3EBRHD8BZ038648)
2026-02-19 21:16:36,987 - INFO - [ServiceBoxDownloader] Starting download for VIN: VF3EBRHD8BZ038648
2026-02-19 21:16:44,515 - INFO - No new popup detected, using current page.
2026-02-19 21:16:44,517 - INFO - Attempting to enter VIN: VF3EBRHD8BZ038648
2026-02-19 21:17:14,594 - INFO - Navigation timeout. Checking content...
2026-02-19 21:17:14,620 - INFO - Dashboard loaded. Extracting vehicle data (initial)...
2026-02-19 21:17:14,678 - INFO - Extracted Model: 
2026-02-19 21:17:14,679 - INFO - Extracted data: {'warranty': {'Garantiebeginndatum': '05/07/2011', 'Verkaufsland': 'AT', 'Verkaufshändler': '0202218', 'Garantieende': '05/07/2013', 'Zuständiges Land': 'AT', 'Zuständiger HDL': '0303158', 'Garantieende Korrosion': '05/07/2023', 'Model': ''}, 'lcdv': {'G': '1', 'M': 'P', 'LP': 'VV', 'SI': 'AF', 'F': 'T', 'MO': 'BR', 'BV': '6', 'BC': '04', 'CC': 'A0', 'AM': '7', 'MD': '0', 'HE': 'P0', 'CA': 'WP', 'HI': '6F', 'CG': 'FR'}, 'recalls': {'status': 'None', 'message': 'No recalls', 'tab_text': 'Überprüfungsaktion (0)'}}
2026-02-19 21:17:20,570 - INFO - Waiting for popup URL to settle...
2026-02-19 21:17:20,570 - INFO - Final Popup URL: https://servicebox.peugeot.com/docapvpr/synthesePE.do?condutil=4675_0244613299918KCO&condutilsevere=4676_0244613378973oCo
2026-02-19 21:17:42,160 - INFO - Initializing Database...
2026-02-19 21:17:42,207 - INFO - Starting ServiceBox API Server...
2026-02-19 21:17:42,208 - INFO - Docs available at http://localhost:8005/docs
2026-02-19 21:17:42,234 - INFO - Starting ServiceBox API...
2026-02-19 21:17:42,236 - INFO - JobManager Worker started.
2026-02-19 21:19:40,483 - INFO - Initializing Database...
2026-02-19 21:19:40,530 - INFO - Starting ServiceBox API Server...
2026-02-19 21:19:40,530 - INFO - Docs available at http://localhost:8005/docs
2026-02-19 21:19:40,554 - INFO - Starting ServiceBox API...
2026-02-19 21:19:40,555 - INFO - JobManager Worker started.
2026-02-20 18:14:13,138 - INFO - Initializing Database...
2026-02-20 18:14:13,203 - INFO - Starting ServiceBox API Server...
2026-02-20 18:14:13,203 - INFO - Docs available at http://localhost:8005/docs
2026-02-20 18:14:13,243 - INFO - Starting ServiceBox API...
2026-02-20 18:14:13,244 - INFO - JobManager Worker started.
2026-02-20 19:59:40,755 - INFO - Initializing Database...
2026-02-20 19:59:40,813 - INFO - Starting ServiceBox API Server...
2026-02-20 19:59:40,813 - INFO - Docs available at http://localhost:8005/docs
2026-02-20 19:59:40,848 - INFO - Starting ServiceBox API...
2026-02-20 19:59:40,850 - INFO - JobManager Worker started.
2026-02-20 20:08:31,117 - INFO - Processing Job 2da53772-ebfd-442c-95c7-4f03f20cb9ec (VIN: VF3MCYHZRKS406609)
2026-02-20 20:08:31,127 - INFO - [ServiceBoxDownloader] Starting download for VIN: VF3MCYHZRKS406609
2026-02-20 20:08:45,302 - INFO - No new popup detected, using current page.
2026-02-20 20:08:45,305 - INFO - Attempting to enter VIN: VF3MCYHZRKS406609
2026-02-20 20:09:15,377 - INFO - Navigation timeout. Checking content...
2026-02-20 20:09:15,401 - INFO - Dashboard loaded. Extracting vehicle data (initial)...
2026-02-20 20:09:15,469 - INFO - Extracted Model: 
2026-02-20 20:09:15,470 - INFO - Extracted data: {'warranty': {'Garantiebeginndatum': '23/10/2019', 'Verkaufsland': 'AT', 'Verkaufshändler': '0112208', 'Garantieende': '23/10/2021', 'Zuständiges Land': 'AT', 'Zuständiger HDL': '0303158', 'Garantieende Korrosion': '23/10/2031', 'Model': ''}, 'lcdv': {'G': '1', 'M': 'P', 'LP': 'P8', 'SI': 'SY', 'F': 'T', 'MO': 'MA', 'BV': '1', 'BC': 'B0', 'CC': 'A0', 'AM': 'C', 'MD': '6', 'HE': 'M6', 'CA': 'N9', 'HI': '48', 'CG': 'FH'}, 'recalls': {'status': 'None', 'message': 'No recalls', 'tab_text': 'Überprüfungsaktion (0)'}}
2026-02-20 20:09:21,907 - INFO - Waiting for popup URL to settle...
2026-02-20 20:09:21,908 - INFO - Final Popup URL: https://servicebox.peugeot.com/docapvpr/synthesePE.do?condutil=8433_0244613299918KCO&condutilsevere=8434_0244613378973oCo
