2026-03-02 07:53:01,500 - ERROR - [QueueManager] Failed to connect to Redis. Falling back to SQL polling mode. Error: Error 10061 connecting to localhost:6379. Es konnte keine Verbindung hergestellt werden, da der Zielcomputer die Verbindung verweigerte.
2026-03-02 07:53:01,519 - INFO - Initializing Database...
2026-03-02 08:41:15,955 - INFO - [ServiceBoxDownloader] Starting download for VIN: VR1JJEHZRKY091028
2026-03-02 08:41:30,860 - INFO - No new popup detected, using current page.
2026-03-02 08:41:30,863 - INFO - Attempting to enter VIN: VR1JJEHZRKY091028
2026-03-02 08:42:01,025 - INFO - Navigation timeout. Checking content...
2026-03-02 08:42:01,098 - INFO - Dashboard loaded. Extracting vehicle data (initial)...
2026-03-02 08:42:01,188 - INFO - Extracted Model: 
2026-03-02 08:42:01,188 - INFO - Detected 1 recalls. Clicking tab to extract details...
2026-03-02 08:42:03,422 - INFO - Extracted data: {'warranty': {'Garantiebeginndatum': '20/11/2019', 'Verkaufsland': 'AT', 'Verkaufshändler': '001112O', 'Garantieende': '20/11/2021', 'Zuständiges Land': 'AT', 'Zuständiger HDL': '001112O', 'Garantieende Korrosion': '20/11/2031', 'Model': ''}, 'lcdv': {'G': '1', 'M': 'S', 'LP': 'X8', 'SI': 'SU', 'F': 'L', 'MO': 'KA', 'BV': '1', 'BC': 'B0', 'CC': 'A0', 'AM': '1', 'MD': '2', 'HE': 'M0', 'CA': '9V', 'HI': '4H', 'CG': 'FO'}, 'recalls': {'status': 'Active', 'message': 'Active Codes: GK2', 'tab_text': 'Überprüfungsaktion (1)', 'details': [{'code': 'GUT', 'description': 'DS7 Crossback, Einparkhilfe', 'status': 'Done'}, {'code': 'JCB', 'description': 'alle Typen DW10F Software Motorsteuergerät', 'status': 'Done'}, {'code': 'JAQ', 'description': 'DS7 Crossback : Heckleuchten', 'status': 'Done'}, {'code': 'JCD', 'description': 'alle Typen DW10F Partikelfilter', 'status': 'Done'}, {'code': 'GK2', 'description': 'GK2 - Cross Carline - On-Board-Diagnose', 'status': 'Open'}]}}
2026-03-02 08:42:03,422 - INFO - Forcing navigation to 'Dokumentation' tab...
2026-03-02 08:42:04,491 - INFO - Searching for Wartungspläne across all frames...
2026-03-02 08:44:43,871 - INFO - [ServiceBoxDownloader] Starting download for VIN: VR1JJEHZRKY091028
2026-03-02 08:44:51,569 - INFO - No new popup detected, using current page.
2026-03-02 08:44:51,572 - INFO - Attempting to enter VIN: VR1JJEHZRKY091028
2026-03-02 08:45:21,727 - INFO - Navigation timeout. Checking content...
2026-03-02 08:45:21,807 - INFO - Dashboard loaded. Extracting vehicle data (initial)...
2026-03-02 08:45:21,902 - INFO - Extracted Model: 
2026-03-02 08:45:21,902 - INFO - Detected 1 recalls. Clicking tab to extract details...
2026-03-02 08:45:24,147 - INFO - Extracted data: {'warranty': {'Garantiebeginndatum': '20/11/2019', 'Verkaufsland': 'AT', 'Verkaufshändler': '001112O', 'Garantieende': '20/11/2021', 'Zuständiges Land': 'AT', 'Zuständiger HDL': '001112O', 'Garantieende Korrosion': '20/11/2031', 'Model': ''}, 'lcdv': {'G': '1', 'M': 'S', 'LP': 'X8', 'SI': 'SU', 'F': 'L', 'MO': 'KA', 'BV': '1', 'BC': 'B0', 'CC': 'A0', 'AM': '1', 'MD': '2', 'HE': 'M0', 'CA': '9V', 'HI': '4H', 'CG': 'FO'}, 'recalls': {'status': 'Active', 'message': 'Active Codes: GK2', 'tab_text': 'Überprüfungsaktion (1)', 'details': [{'code': 'GUT', 'description': 'DS7 Crossback, Einparkhilfe', 'status': 'Done'}, {'code': 'JCB', 'description': 'alle Typen DW10F Software Motorsteuergerät', 'status': 'Done'}, {'code': 'JAQ', 'description': 'DS7 Crossback : Heckleuchten', 'status': 'Done'}, {'code': 'JCD', 'description': 'alle Typen DW10F Partikelfilter', 'status': 'Done'}, {'code': 'GK2', 'description': 'GK2 - Cross Carline - On-Board-Diagnose', 'status': 'Open'}]}}
2026-03-02 08:45:24,147 - INFO - Forcing navigation to 'Dokumentation' tab...
2026-03-02 08:45:25,205 - INFO - Searching for Wartungspläne across all frames...
2026-03-02 08:45:55,783 - INFO - Saved debug screenshot for VR1JJEHZRKY091028
2026-03-02 08:51:51,712 - INFO - [ServiceBoxDownloader] Starting download for VIN: VF7SH8FP0CT512351
2026-03-02 08:51:59,027 - INFO - No new popup detected, using current page.
2026-03-02 08:51:59,031 - INFO - Attempting to enter VIN: VF7SH8FP0CT512351
2026-03-02 08:52:29,201 - INFO - Navigation timeout. Checking content...
2026-03-02 08:52:29,262 - INFO - Dashboard loaded. Extracting vehicle data (initial)...
2026-03-02 08:52:29,332 - INFO - Extracted Model: 
2026-03-02 08:52:29,332 - INFO - Extracted data: {'warranty': {'Garantiebeginndatum': '30/04/2012', 'Verkaufsland': 'AT', 'Verkaufshändler': '000500O', 'Garantieende': '30/04/2014', 'Zuständiges Land': 'AT', 'Zuständiger HDL': '000500O', 'Garantieende Korrosion': '30/04/2024', 'Model': ''}, 'lcdv': {'G': '1', 'M': 'C', 'LP': 'WA', 'SI': 'AF', 'F': 'H', 'MO': 'CB', 'BV': '5', 'BC': '04', 'CC': 'UZ', 'AM': '2', 'MD': '0', 'HE': 'M0', 'CA': 'G2', 'HI': '2M', 'CG': 'FR'}, 'recalls': {'status': 'None', 'message': 'No recalls', 'tab_text': 'Überprüfungsaktion (0)'}}
2026-03-02 08:52:29,333 - INFO - Forcing navigation to 'Dokumentation' tab...
2026-03-02 08:52:30,385 - INFO - Searching for Wartungspläne across all frames...
2026-03-02 08:53:00,661 - INFO - Saved debug screenshot for VF7SH8FP0CT512351
2026-03-02 08:58:51,716 - INFO - [ServiceBoxDownloader] Starting download for VIN: VF7SH8FP0CT512351
2026-03-02 08:58:58,865 - INFO - No new popup detected, using current page.
2026-03-02 08:58:58,868 - INFO - Attempting to enter VIN: VF7SH8FP0CT512351
2026-03-02 08:59:29,012 - INFO - Navigation timeout. Checking content...
2026-03-02 08:59:29,076 - INFO - Dashboard loaded. Extracting vehicle data (initial)...
2026-03-02 08:59:29,148 - INFO - Extracted Model: 
2026-03-02 08:59:29,148 - INFO - Extracted data: {'warranty': {'Garantiebeginndatum': '30/04/2012', 'Verkaufsland': 'AT', 'Verkaufshändler': '000500O', 'Garantieende': '30/04/2014', 'Zuständiges Land': 'AT', 'Zuständiger HDL': '000500O', 'Garantieende Korrosion': '30/04/2024', 'Model': ''}, 'lcdv': {'G': '1', 'M': 'C', 'LP': 'WA', 'SI': 'AF', 'F': 'H', 'MO': 'CB', 'BV': '5', 'BC': '04', 'CC': 'UZ', 'AM': '2', 'MD': '0', 'HE': 'M0', 'CA': 'G2', 'HI': '2M', 'CG': 'FR'}, 'recalls': {'status': 'None', 'message': 'No recalls', 'tab_text': 'Überprüfungsaktion (0)'}}
2026-03-02 08:59:29,148 - INFO - Navigating to 'Dokumentation' tab via UI clicks...
2026-03-02 08:59:31,283 - WARNING - Documentation technique submenu not visible.
2026-03-02 08:59:31,283 - INFO - Searching for Wartungspläne across all frames...
2026-03-02 09:00:01,513 - INFO - Saved debug screenshot for VF7SH8FP0CT512351
2026-03-02 09:01:10,375 - INFO - [ServiceBoxDownloader] Starting download for VIN: VF7SH8FP0CT512351
2026-03-02 09:01:20,133 - INFO - No new popup detected, using current page.
2026-03-02 09:01:20,137 - INFO - Attempting to enter VIN: VF7SH8FP0CT512351
2026-03-02 09:01:50,285 - INFO - Navigation timeout. Checking content...
2026-03-02 09:01:50,349 - INFO - Dashboard loaded. Extracting vehicle data (initial)...
2026-03-02 09:01:50,421 - INFO - Extracted Model: 
2026-03-02 09:01:50,422 - INFO - Extracted data: {'warranty': {'Garantiebeginndatum': '30/04/2012', 'Verkaufsland': 'AT', 'Verkaufshändler': '000500O', 'Garantieende': '30/04/2014', 'Zuständiges Land': 'AT', 'Zuständiger HDL': '000500O', 'Garantieende Korrosion': '30/04/2024', 'Model': ''}, 'lcdv': {'G': '1', 'M': 'C', 'LP': 'WA', 'SI': 'AF', 'F': 'H', 'MO': 'CB', 'BV': '5', 'BC': '04', 'CC': 'UZ', 'AM': '2', 'MD': '0', 'HE': 'M0', 'CA': 'G2', 'HI': '2M', 'CG': 'FR'}, 'recalls': {'status': 'None', 'message': 'No recalls', 'tab_text': 'Überprüfungsaktion (0)'}}
2026-03-02 09:01:50,422 - INFO - Navigating to 'Dokumentation' tab via UI clicks...
2026-03-02 09:01:57,560 - WARNING - Documentation technique submenu not clickable: Locator.click: Timeout 5000ms exceeded.
Call log:
  - waiting for locator("a:has-text('Documentation technique')").first

2026-03-02 09:01:57,560 - INFO - Searching for Wartungspläne across all frames...
2026-03-02 09:02:27,818 - INFO - Saved debug screenshot for VF7SH8FP0CT512351
2026-03-02 09:06:11,258 - INFO - [ServiceBoxDownloader] Starting download for VIN: VF7SH8FP0CT512351
2026-03-02 09:06:19,186 - INFO - No new popup detected, using current page.
2026-03-02 09:06:19,189 - INFO - Attempting to enter VIN: VF7SH8FP0CT512351
2026-03-02 09:06:49,324 - INFO - Navigation timeout. Checking content...
2026-03-02 09:06:49,396 - INFO - Dashboard loaded. Extracting vehicle data (initial)...
2026-03-02 09:06:49,471 - INFO - Extracted Model: 
2026-03-02 09:06:49,471 - INFO - Extracted data: {'warranty': {'Garantiebeginndatum': '30/04/2012', 'Verkaufsland': 'AT', 'Verkaufshändler': '000500O', 'Garantieende': '30/04/2014', 'Zuständiges Land': 'AT', 'Zuständiger HDL': '000500O', 'Garantieende Korrosion': '30/04/2024', 'Model': ''}, 'lcdv': {'G': '1', 'M': 'C', 'LP': 'WA', 'SI': 'AF', 'F': 'H', 'MO': 'CB', 'BV': '5', 'BC': '04', 'CC': 'UZ', 'AM': '2', 'MD': '0', 'HE': 'M0', 'CA': 'G2', 'HI': '2M', 'CG': 'FR'}, 'recalls': {'status': 'None', 'message': 'No recalls', 'tab_text': 'Überprüfungsaktion (0)'}}
2026-03-02 09:06:49,472 - INFO - Navigating to 'Dokumentation' tab via UI clicks...
2026-03-02 09:06:56,693 - WARNING - Documentation technique submenu not clickable: Locator.click: Timeout 5000ms exceeded.
Call log:
  - waiting for get_by_text(re.compile(r"Documentation technique", re.IGNORECASE)).first

2026-03-02 09:06:58,722 - INFO - Searching for Wartungspläne across all frames...
2026-03-02 09:07:29,361 - INFO - Saved debug screenshot for VF7SH8FP0CT512351
2026-03-02 09:08:47,376 - INFO - [ServiceBoxDownloader] Starting download for VIN: VF7SH8FP0CT512351
2026-03-02 09:08:54,778 - INFO - No new popup detected, using current page.
2026-03-02 09:08:54,782 - INFO - Attempting to enter VIN: VF7SH8FP0CT512351
2026-03-02 09:09:24,905 - INFO - Navigation timeout. Checking content...
2026-03-02 09:09:24,966 - INFO - Dashboard loaded. Extracting vehicle data (initial)...
2026-03-02 09:09:25,036 - INFO - Extracted Model: 
2026-03-02 09:09:25,036 - INFO - Extracted data: {'warranty': {'Garantiebeginndatum': '30/04/2012', 'Verkaufsland': 'AT', 'Verkaufshändler': '000500O', 'Garantieende': '30/04/2014', 'Zuständiges Land': 'AT', 'Zuständiger HDL': '000500O', 'Garantieende Korrosion': '30/04/2024', 'Model': ''}, 'lcdv': {'G': '1', 'M': 'C', 'LP': 'WA', 'SI': 'AF', 'F': 'H', 'MO': 'CB', 'BV': '5', 'BC': '04', 'CC': 'UZ', 'AM': '2', 'MD': '0', 'HE': 'M0', 'CA': 'G2', 'HI': '2M', 'CG': 'FR'}, 'recalls': {'status': 'None', 'message': 'No recalls', 'tab_text': 'Überprüfungsaktion (0)'}}
2026-03-02 09:09:25,037 - INFO - Navigating to 'Dokumentation' tab via UI clicks...
2026-03-02 09:09:32,255 - WARNING - Documentation technique submenu not clickable: Locator.click: Timeout 5000ms exceeded.
Call log:
  - waiting for get_by_text(re.compile(r"Documentation technique", re.IGNORECASE)).first

2026-03-02 09:09:34,279 - INFO - Searching for Wartungspläne across all frames...
2026-03-02 09:10:04,714 - INFO - Saved debug screenshot for VF7SH8FP0CT512351
2026-03-02 09:11:22,283 - INFO - [ServiceBoxDownloader] Starting download for VIN: VF7SH8FP0CT512351
2026-03-02 09:11:30,773 - INFO - No new popup detected, using current page.
2026-03-02 09:11:30,777 - INFO - Attempting to enter VIN: VF7SH8FP0CT512351
2026-03-02 09:12:00,923 - INFO - Navigation timeout. Checking content...
2026-03-02 09:12:00,991 - INFO - Dashboard loaded. Extracting vehicle data (initial)...
2026-03-02 09:12:01,068 - INFO - Extracted Model: 
2026-03-02 09:12:01,068 - INFO - Extracted data: {'warranty': {'Garantiebeginndatum': '30/04/2012', 'Verkaufsland': 'AT', 'Verkaufshändler': '000500O', 'Garantieende': '30/04/2014', 'Zuständiges Land': 'AT', 'Zuständiger HDL': '000500O', 'Garantieende Korrosion': '30/04/2024', 'Model': ''}, 'lcdv': {'G': '1', 'M': 'C', 'LP': 'WA', 'SI': 'AF', 'F': 'H', 'MO': 'CB', 'BV': '5', 'BC': '04', 'CC': 'UZ', 'AM': '2', 'MD': '0', 'HE': 'M0', 'CA': 'G2', 'HI': '2M', 'CG': 'FR'}, 'recalls': {'status': 'None', 'message': 'No recalls', 'tab_text': 'Überprüfungsaktion (0)'}}
2026-03-02 09:12:01,069 - INFO - Navigating to 'Dokumentation' tab via UI clicks...
2026-03-02 09:12:05,257 - WARNING - Documentation technique submenu not found or clickable.
2026-03-02 09:12:05,257 - INFO - Searching for Wartungspläne across all frames...
2026-03-02 09:12:35,792 - INFO - Saved debug screenshot for VF7SH8FP0CT512351
2026-03-02 09:14:32,488 - INFO - [ServiceBoxDownloader] Starting download for VIN: VF7SH8FP0CT512351
2026-03-02 09:14:40,215 - INFO - No new popup detected, using current page.
2026-03-02 09:14:40,219 - INFO - Attempting to enter VIN: VF7SH8FP0CT512351
2026-03-02 09:15:10,524 - INFO - Navigation timeout. Checking content...
2026-03-02 09:15:10,594 - INFO - Dashboard loaded. Extracting vehicle data (initial)...
2026-03-02 09:15:10,669 - INFO - Extracted Model: 
2026-03-02 09:15:10,670 - INFO - Extracted data: {'warranty': {'Garantiebeginndatum': '30/04/2012', 'Verkaufsland': 'AT', 'Verkaufshändler': '000500O', 'Garantieende': '30/04/2014', 'Zuständiges Land': 'AT', 'Zuständiger HDL': '000500O', 'Garantieende Korrosion': '30/04/2024', 'Model': ''}, 'lcdv': {'G': '1', 'M': 'C', 'LP': 'WA', 'SI': 'AF', 'F': 'H', 'MO': 'CB', 'BV': '5', 'BC': '04', 'CC': 'UZ', 'AM': '2', 'MD': '0', 'HE': 'M0', 'CA': 'G2', 'HI': '2M', 'CG': 'FR'}, 'recalls': {'status': 'None', 'message': 'No recalls', 'tab_text': 'Überprüfungsaktion (0)'}}
2026-03-02 09:15:10,670 - INFO - Navigating to 'Dokumentation' tab via UI clicks...
2026-03-02 09:15:14,633 - WARNING - Documentation technique submenu not found or clickable.
2026-03-02 09:15:14,634 - INFO - Searching for Wartungspläne across all frames...
2026-03-02 09:15:44,927 - INFO - Saved debug screenshot for VF7SH8FP0CT512351
2026-03-02 09:17:42,529 - INFO - [ServiceBoxDownloader] Starting download for VIN: VF7SH8FP0CT512351
2026-03-02 09:17:50,681 - INFO - No new popup detected, using current page.
2026-03-02 09:17:50,684 - INFO - Attempting to enter VIN: VF7SH8FP0CT512351
2026-03-02 09:18:20,813 - INFO - Navigation timeout. Checking content...
2026-03-02 09:18:20,881 - INFO - Dashboard loaded. Extracting vehicle data (initial)...
2026-03-02 09:18:20,955 - INFO - Extracted Model: 
2026-03-02 09:18:20,955 - INFO - Extracted data: {'warranty': {'Garantiebeginndatum': '30/04/2012', 'Verkaufsland': 'AT', 'Verkaufshändler': '000500O', 'Garantieende': '30/04/2014', 'Zuständiges Land': 'AT', 'Zuständiger HDL': '000500O', 'Garantieende Korrosion': '30/04/2024', 'Model': ''}, 'lcdv': {'G': '1', 'M': 'C', 'LP': 'WA', 'SI': 'AF', 'F': 'H', 'MO': 'CB', 'BV': '5', 'BC': '04', 'CC': 'UZ', 'AM': '2', 'MD': '0', 'HE': 'M0', 'CA': 'G2', 'HI': '2M', 'CG': 'FR'}, 'recalls': {'status': 'None', 'message': 'No recalls', 'tab_text': 'Überprüfungsaktion (0)'}}
2026-03-02 09:18:20,956 - INFO - Navigating to 'Dokumentation' tab via UI clicks...
2026-03-02 09:18:24,952 - WARNING - Documentation technique submenu not found or clickable.
2026-03-02 09:18:24,952 - INFO - Searching for Wartungspläne across all frames...
2026-03-02 09:18:55,407 - INFO - Saved debug screenshot for VF7SH8FP0CT512351
2026-03-02 09:21:23,159 - INFO - [ServiceBoxDownloader] Starting download for VIN: VF7SH8FP0CT512351
2026-03-02 09:21:30,872 - INFO - No new popup detected, using current page.
2026-03-02 09:21:30,875 - INFO - Attempting to enter VIN: VF7SH8FP0CT512351
2026-03-02 09:22:01,022 - INFO - Navigation timeout. Checking content...
2026-03-02 09:22:01,090 - INFO - Dashboard loaded. Extracting vehicle data (initial)...
2026-03-02 09:22:01,162 - INFO - Extracted Model: 
2026-03-02 09:22:01,162 - INFO - Extracted data: {'warranty': {'Garantiebeginndatum': '30/04/2012', 'Verkaufsland': 'AT', 'Verkaufshändler': '000500O', 'Garantieende': '30/04/2014', 'Zuständiges Land': 'AT', 'Zuständiger HDL': '000500O', 'Garantieende Korrosion': '30/04/2024', 'Model': ''}, 'lcdv': {'G': '1', 'M': 'C', 'LP': 'WA', 'SI': 'AF', 'F': 'H', 'MO': 'CB', 'BV': '5', 'BC': '04', 'CC': 'UZ', 'AM': '2', 'MD': '0', 'HE': 'M0', 'CA': 'G2', 'HI': '2M', 'CG': 'FR'}, 'recalls': {'status': 'None', 'message': 'No recalls', 'tab_text': 'Überprüfungsaktion (0)'}}
2026-03-02 09:22:01,162 - INFO - Navigating to 'Dokumentation' tab via UI clicks...
2026-03-02 09:22:03,316 - INFO - Dumping 113 links for debugging...
2026-03-02 09:22:05,169 - WARNING - Dumped links: ['', '', 'Multimarque', 'Aktionen', 'Mise en avant promotionnelle', 'Mes promotions du moment', 'Empfangsbildschirm', 'Hilfe und Kontakt', 'Mein\xa0Profil', 'Verlassen', 'Annahme', 'Garantiehistorie (eSTORY)', 'Agenda / My Organiser', '', 'Dokumentation', 'Katalog Arbeitssicherheit', 'Dokumentation Citroën', 'Menu Pricing', 'Spezialwerkzeug-Katalog', 'Katalog Schrauben, Befestigungen und Steckverbindungen', 'Fahrerunterstützung, Telematik, vernetzte Dienste und Audio', 'Reifenkatalog NEW', 'E-PER Parts Catalogue', 'Verkaufsdokumentation AC', 'Katalog Profi-Produkte', 'Pièces De Rechange Classic', 'Die Boutique Citroën', 'Owner Manual Webshop', 'REUSE \nWiederverwendbare Teile', 'REPAIR Reparatur elektronische Teile', 'REPAIR Réparation Boite Automatique', 'Multimarken Zubehör', 'Service BOX Multi-Brand', 'Technische Unterstützung', 'wiSOLVE', 'Störungen und Lösungen', 'Praktische Informationen - Technische Unterstützung', 'Was sollte eine DID-A für Diagbox, Service Box, Technische Dokumentation enthalten?', 'iSolve', 'GARANTIE - SERVICE-VERTRÄGE', 'Garantieantrag (ePGC)', 'Erzeugnisänderungen (eRECA)', 'Im Aufbau', 'Garantiebearbeitung (SAGAI)', 'Garantiepolitik', 'Garantie-Dokumentation', 'Goodwill Abacus', 'DECLARATION WALL BOX', 'Verwaltung', 'Warenkorb', 'wiCHECK (For Quality Inspections)', 'Mein Händlerbetrieb', 'VideoCheck', 'DIMBO Reporting', 'DIMBO Creation', 'Organisation', 'Citroën Assistance', 'Manuel Réparateur Agréé', 'Methoden KDD', 'Méthodes PR', 'Katalog Werkstattorganisation', 'Katalog Werkstattausrüstung', 'C3 PICASSO LIMOUSINE FAMILIALE 1.4 VTi 16v 100 (EP3C) Schaltgetriebe 5 \n\n\n\xa0DAM :\n1291076', 'Neuer Auftrag', 'Liste der Aufträge', 'Aufträge zum Vorbereiten', 'Liste der FIC: Kundeninfo Fzg-Verhalten', 'Liste der CIF', 'CIF Katalog', 'Journal der Rabatte', 'Historie der Kostenermittlungen', 'Lager-Bestellung importieren', 'Offene Bestellungen', 'Historie der Bestellungen', 'Meine Teilelieferanten', 'Nachverfolgung der fehlenden Teile', 'Verwaltung Teilerücksendungen', 'Neue Anfrage', 'Laufende Anfrage', 'Historie der Rücksendungen', 'Entsperrung', 'hier', 'Fahrzeug', 'Schäden in Garantie', 'Überprüfungsaktion\xa0(0)', 'OCLW3UC01', 'OCLWBAS01', 'OCLWAHP01', 'Fahrzeug', 'Schäden in Garantie', 'OCLW3UC01', 'OCLWBAS01', 'OCLWAHP01', 'Überprüfungsaktion\xa0(0)']
2026-03-02 09:22:05,170 - WARNING - Documentation technique submenu not found or clickable.
2026-03-02 09:22:05,171 - INFO - Searching for Wartungspläne across all frames...
2026-03-02 09:22:35,427 - INFO - Saved debug screenshot for VF7SH8FP0CT512351
2026-03-02 09:24:40,326 - INFO - [ServiceBoxDownloader] Starting download for VIN: VF7SH8FP0CT512351
2026-03-02 09:24:47,987 - INFO - No new popup detected, using current page.
2026-03-02 09:24:47,991 - INFO - Attempting to enter VIN: VF7SH8FP0CT512351
2026-03-02 09:25:18,146 - INFO - Navigation timeout. Checking content...
2026-03-02 09:25:18,213 - INFO - Dashboard loaded. Extracting vehicle data (initial)...
2026-03-02 09:25:18,284 - INFO - Extracted Model: 
2026-03-02 09:25:18,285 - INFO - Extracted data: {'warranty': {'Garantiebeginndatum': '30/04/2012', 'Verkaufsland': 'AT', 'Verkaufshändler': '000500O', 'Garantieende': '30/04/2014', 'Zuständiges Land': 'AT', 'Zuständiger HDL': '000500O', 'Garantieende Korrosion': '30/04/2024', 'Model': ''}, 'lcdv': {'G': '1', 'M': 'C', 'LP': 'WA', 'SI': 'AF', 'F': 'H', 'MO': 'CB', 'BV': '5', 'BC': '04', 'CC': 'UZ', 'AM': '2', 'MD': '0', 'HE': 'M0', 'CA': 'G2', 'HI': '2M', 'CG': 'FR'}, 'recalls': {'status': 'None', 'message': 'No recalls', 'tab_text': 'Überprüfungsaktion (0)'}}
2026-03-02 09:25:18,285 - INFO - Navigating to 'Dokumentation' tab via UI clicks...
2026-03-02 09:25:20,420 - INFO - Dumping 113 links for debugging...
2026-03-02 09:25:21,134 - INFO - Clicked submenu via JS: Was sollte eine DID-A für Diagbox, Service Box, Technische Dokumentation enthalten?
2026-03-02 09:25:23,142 - INFO - Searching for Wartungspläne across all frames...
2026-03-02 09:25:53,400 - INFO - Saved debug screenshot for VF7SH8FP0CT512351
2026-03-02 09:26:47,326 - INFO - [ServiceBoxDownloader] Starting download for VIN: VF7SH8FP0CT512351
2026-03-02 09:26:54,799 - INFO - No new popup detected, using current page.
2026-03-02 09:26:54,802 - INFO - Attempting to enter VIN: VF7SH8FP0CT512351
2026-03-02 09:27:24,934 - INFO - Navigation timeout. Checking content...
2026-03-02 09:27:25,007 - INFO - Dashboard loaded. Extracting vehicle data (initial)...
2026-03-02 09:27:25,093 - INFO - Extracted Model: 
2026-03-02 09:27:25,093 - INFO - Extracted data: {'warranty': {'Garantiebeginndatum': '30/04/2012', 'Verkaufsland': 'AT', 'Verkaufshändler': '000500O', 'Garantieende': '30/04/2014', 'Zuständiges Land': 'AT', 'Zuständiger HDL': '000500O', 'Garantieende Korrosion': '30/04/2024', 'Model': ''}, 'lcdv': {'G': '1', 'M': 'C', 'LP': 'WA', 'SI': 'AF', 'F': 'H', 'MO': 'CB', 'BV': '5', 'BC': '04', 'CC': 'UZ', 'AM': '2', 'MD': '0', 'HE': 'M0', 'CA': 'G2', 'HI': '2M', 'CG': 'FR'}, 'recalls': {'status': 'None', 'message': 'No recalls', 'tab_text': 'Überprüfungsaktion (0)'}}
2026-03-02 09:27:25,094 - INFO - Navigating to 'Dokumentation' tab via UI clicks...
2026-03-02 09:27:27,259 - INFO - Dumping 113 links for debugging...
2026-03-02 09:27:29,010 - WARNING - Dumped links: ['', '', 'Multimarque', 'Aktionen', 'Mise en avant promotionnelle', 'Mes promotions du moment', 'Empfangsbildschirm', 'Hilfe und Kontakt', 'Mein\xa0Profil', 'Verlassen', 'Annahme', 'Garantiehistorie (eSTORY)', 'Agenda / My Organiser', '', 'Dokumentation', 'Katalog Arbeitssicherheit', 'Dokumentation Citroën', 'Menu Pricing', 'Spezialwerkzeug-Katalog', 'Katalog Schrauben, Befestigungen und Steckverbindungen', 'Fahrerunterstützung, Telematik, vernetzte Dienste und Audio', 'Reifenkatalog NEW', 'E-PER Parts Catalogue', 'Verkaufsdokumentation AC', 'Katalog Profi-Produkte', 'Pièces De Rechange Classic', 'Die Boutique Citroën', 'Owner Manual Webshop', 'REUSE \nWiederverwendbare Teile', 'REPAIR Reparatur elektronische Teile', 'REPAIR Réparation Boite Automatique', 'Multimarken Zubehör', 'Service BOX Multi-Brand', 'Technische Unterstützung', 'wiSOLVE', 'Störungen und Lösungen', 'Praktische Informationen - Technische Unterstützung', 'Was sollte eine DID-A für Diagbox, Service Box, Technische Dokumentation enthalten?', 'iSolve', 'GARANTIE - SERVICE-VERTRÄGE', 'Garantieantrag (ePGC)', 'Erzeugnisänderungen (eRECA)', 'Im Aufbau', 'Garantiebearbeitung (SAGAI)', 'Garantiepolitik', 'Garantie-Dokumentation', 'Goodwill Abacus', 'DECLARATION WALL BOX', 'Verwaltung', 'Warenkorb', 'wiCHECK (For Quality Inspections)', 'Mein Händlerbetrieb', 'VideoCheck', 'DIMBO Reporting', 'DIMBO Creation', 'Organisation', 'Citroën Assistance', 'Manuel Réparateur Agréé', 'Methoden KDD', 'Méthodes PR', 'Katalog Werkstattorganisation', 'Katalog Werkstattausrüstung', 'C3 PICASSO LIMOUSINE FAMILIALE 1.4 VTi 16v 100 (EP3C) Schaltgetriebe 5 \n\n\n\xa0DAM :\n1291076', 'Neuer Auftrag', 'Liste der Aufträge', 'Aufträge zum Vorbereiten', 'Liste der FIC: Kundeninfo Fzg-Verhalten', 'Liste der CIF', 'CIF Katalog', 'Journal der Rabatte', 'Historie der Kostenermittlungen', 'Lager-Bestellung importieren', 'Offene Bestellungen', 'Historie der Bestellungen', 'Meine Teilelieferanten', 'Nachverfolgung der fehlenden Teile', 'Verwaltung Teilerücksendungen', 'Neue Anfrage', 'Laufende Anfrage', 'Historie der Rücksendungen', 'Entsperrung', 'hier', 'Fahrzeug', 'Schäden in Garantie', 'Überprüfungsaktion\xa0(0)', 'OCLW3UC01', 'OCLWBAS01', 'OCLWAHP01', 'Fahrzeug', 'Schäden in Garantie', 'OCLW3UC01', 'OCLWBAS01', 'OCLWAHP01', 'Überprüfungsaktion\xa0(0)']
2026-03-02 09:27:29,011 - WARNING - Documentation technique submenu not found or clickable.
2026-03-02 09:27:29,011 - INFO - Searching for Wartungspläne across all frames...
2026-03-02 09:27:59,250 - INFO - Saved debug screenshot for VF7SH8FP0CT512351
2026-03-02 09:28:11,967 - INFO - [ServiceBoxDownloader] Starting download for VIN: VF7SH8FP0CT512351
2026-03-02 09:28:19,829 - INFO - No new popup detected, using current page.
2026-03-02 09:28:19,833 - INFO - Attempting to enter VIN: VF7SH8FP0CT512351
2026-03-02 09:28:49,983 - INFO - Navigation timeout. Checking content...
2026-03-02 09:28:50,064 - INFO - Dashboard loaded. Extracting vehicle data (initial)...
2026-03-02 09:28:50,144 - INFO - Extracted Model: 
2026-03-02 09:28:50,911 - ERROR - Saved failure trace to C:\##-Antigravity\servicebox\debug\trace_VF7SH8FP0CT512351_1772440130.zip
2026-03-02 09:30:58,261 - INFO - [ServiceBoxDownloader] Starting download for VIN: VF7SH8FP0CT512351
2026-03-02 09:31:05,897 - INFO - No new popup detected, using current page.
2026-03-02 09:31:05,902 - INFO - Attempting to enter VIN: VF7SH8FP0CT512351
2026-03-02 09:31:36,049 - INFO - Navigation timeout. Checking content...
2026-03-02 09:31:36,110 - INFO - Dashboard loaded. Extracting vehicle data (initial)...
2026-03-02 09:31:36,178 - INFO - Extracted Model: 
2026-03-02 09:31:36,178 - INFO - Extracted data: {'warranty': {'Garantiebeginndatum': '30/04/2012', 'Verkaufsland': 'AT', 'Verkaufshändler': '000500O', 'Garantieende': '30/04/2014', 'Zuständiges Land': 'AT', 'Zuständiger HDL': '000500O', 'Garantieende Korrosion': '30/04/2024', 'Model': ''}, 'lcdv': {'G': '1', 'M': 'C', 'LP': 'WA', 'SI': 'AF', 'F': 'H', 'MO': 'CB', 'BV': '5', 'BC': '04', 'CC': 'UZ', 'AM': '2', 'MD': '0', 'HE': 'M0', 'CA': 'G2', 'HI': '2M', 'CG': 'FR'}, 'recalls': {'status': 'None', 'message': 'No recalls', 'tab_text': 'Überprüfungsaktion (0)'}}
2026-03-02 09:31:36,179 - INFO - Navigating to 'Dokumentation' tab via UI clicks...
2026-03-02 09:31:38,310 - INFO - Dumping 113 links for debugging...
2026-03-02 09:31:40,176 - WARNING - Dumped links: ['', '', 'Multimarque', 'Aktionen', 'Mise en avant promotionnelle', 'Mes promotions du moment', 'Empfangsbildschirm', 'Hilfe und Kontakt', 'Mein\xa0Profil', 'Verlassen', 'Annahme', 'Garantiehistorie (eSTORY)', 'Agenda / My Organiser', '', 'Dokumentation', 'Katalog Arbeitssicherheit', 'Dokumentation Citroën', 'Menu Pricing', 'Spezialwerkzeug-Katalog', 'Katalog Schrauben, Befestigungen und Steckverbindungen', 'Fahrerunterstützung, Telematik, vernetzte Dienste und Audio', 'Reifenkatalog NEW', 'E-PER Parts Catalogue', 'Verkaufsdokumentation AC', 'Katalog Profi-Produkte', 'Pièces De Rechange Classic', 'Die Boutique Citroën', 'Owner Manual Webshop', 'REUSE \nWiederverwendbare Teile', 'REPAIR Reparatur elektronische Teile', 'REPAIR Réparation Boite Automatique', 'Multimarken Zubehör', 'Service BOX Multi-Brand', 'Technische Unterstützung', 'wiSOLVE', 'Störungen und Lösungen', 'Praktische Informationen - Technische Unterstützung', 'Was sollte eine DID-A für Diagbox, Service Box, Technische Dokumentation enthalten?', 'iSolve', 'GARANTIE - SERVICE-VERTRÄGE', 'Garantieantrag (ePGC)', 'Erzeugnisänderungen (eRECA)', 'Im Aufbau', 'Garantiebearbeitung (SAGAI)', 'Garantiepolitik', 'Garantie-Dokumentation', 'Goodwill Abacus', 'DECLARATION WALL BOX', 'Verwaltung', 'Warenkorb', 'wiCHECK (For Quality Inspections)', 'Mein Händlerbetrieb', 'VideoCheck', 'DIMBO Reporting', 'DIMBO Creation', 'Organisation', 'Citroën Assistance', 'Manuel Réparateur Agréé', 'Methoden KDD', 'Méthodes PR', 'Katalog Werkstattorganisation', 'Katalog Werkstattausrüstung', 'C3 PICASSO LIMOUSINE FAMILIALE 1.4 VTi 16v 100 (EP3C) Schaltgetriebe 5 \n\n\n\xa0DAM :\n1291076', 'Neuer Auftrag', 'Liste der Aufträge', 'Aufträge zum Vorbereiten', 'Liste der FIC: Kundeninfo Fzg-Verhalten', 'Liste der CIF', 'CIF Katalog', 'Journal der Rabatte', 'Historie der Kostenermittlungen', 'Lager-Bestellung importieren', 'Offene Bestellungen', 'Historie der Bestellungen', 'Meine Teilelieferanten', 'Nachverfolgung der fehlenden Teile', 'Verwaltung Teilerücksendungen', 'Neue Anfrage', 'Laufende Anfrage', 'Historie der Rücksendungen', 'Entsperrung', 'hier', 'Fahrzeug', 'Schäden in Garantie', 'Überprüfungsaktion\xa0(0)', 'OCLW3UC01', 'OCLWBAS01', 'OCLWAHP01', 'Fahrzeug', 'Schäden in Garantie', 'OCLW3UC01', 'OCLWBAS01', 'OCLWAHP01', 'Überprüfungsaktion\xa0(0)']
2026-03-02 09:31:40,177 - WARNING - Documentation technique submenu not found or clickable.
2026-03-02 09:31:40,178 - INFO - Searching for Wartungspläne across all frames...
2026-03-02 09:32:10,702 - INFO - Saved debug screenshot for VF7SH8FP0CT512351
2026-03-02 09:38:05,837 - INFO - [ServiceBoxDownloader] Starting download for VIN: VF7SH8FP0CT512351
2026-03-02 09:38:13,701 - INFO - No new popup detected, using current page.
2026-03-02 09:38:13,704 - INFO - Attempting to enter VIN: VF7SH8FP0CT512351
2026-03-02 09:38:43,843 - INFO - Navigation timeout. Checking content...
2026-03-02 09:38:43,923 - INFO - Dashboard loaded. Extracting vehicle data (initial)...
2026-03-02 09:38:44,003 - INFO - Extracted Model: 
2026-03-02 09:38:44,003 - INFO - Extracted data: {'warranty': {'Garantiebeginndatum': '30/04/2012', 'Verkaufsland': 'AT', 'Verkaufshändler': '000500O', 'Garantieende': '30/04/2014', 'Zuständiges Land': 'AT', 'Zuständiger HDL': '000500O', 'Garantieende Korrosion': '30/04/2024', 'Model': ''}, 'lcdv': {'G': '1', 'M': 'C', 'LP': 'WA', 'SI': 'AF', 'F': 'H', 'MO': 'CB', 'BV': '5', 'BC': '04', 'CC': 'UZ', 'AM': '2', 'MD': '0', 'HE': 'M0', 'CA': 'G2', 'HI': '2M', 'CG': 'FR'}, 'recalls': {'status': 'None', 'message': 'No recalls', 'tab_text': 'Überprüfungsaktion (0)'}}
2026-03-02 09:38:44,003 - INFO - Navigating to 'Dokumentation' tab via UI clicks...
2026-03-02 09:38:46,167 - INFO - Dumping 113 links for debugging...
2026-03-02 09:38:46,639 - INFO - Checking potential link: 'dokumentation'
2026-03-02 09:38:46,688 - INFO - Checking potential link: 'dokumentation citroën'
2026-03-02 09:38:46,820 - INFO - Checking potential link: 'verkaufsdokumentation ac'
2026-03-02 09:38:47,071 - INFO - Checking potential link: 'was sollte eine did-a für diagbox, service box, technische dokumentation enthalten?'
2026-03-02 09:38:47,114 - INFO - Clicked submenu via JS: Was sollte eine DID-A für Diagbox, Service Box, Technische Dokumentation enthalten?
2026-03-02 09:38:49,120 - INFO - Searching for Wartungspläne across all frames...
2026-03-02 09:39:19,619 - INFO - Saved debug screenshot for VF7SH8FP0CT512351
2026-03-02 09:46:14,208 - INFO - [ServiceBoxDownloader] Starting download for VIN: VF7SH8FP0CT512351
2026-03-02 09:46:22,532 - INFO - No new popup detected, using current page.
2026-03-02 09:46:22,536 - INFO - Attempting to enter VIN: VF7SH8FP0CT512351
2026-03-02 09:46:52,795 - INFO - Navigation timeout. Checking content...
2026-03-02 09:46:52,992 - INFO - Dashboard loaded. Extracting vehicle data (initial)...
2026-03-02 09:46:53,099 - INFO - Extracted Model: 
2026-03-02 09:46:53,100 - INFO - Extracted data: {'warranty': {'Garantiebeginndatum': '30/04/2012', 'Verkaufsland': 'AT', 'Verkaufshändler': '000500O', 'Garantieende': '30/04/2014', 'Zuständiges Land': 'AT', 'Zuständiger HDL': '000500O', 'Garantieende Korrosion': '30/04/2024', 'Model': ''}, 'lcdv': {'G': '1', 'M': 'C', 'LP': 'WA', 'SI': 'AF', 'F': 'H', 'MO': 'CB', 'BV': '5', 'BC': '04', 'CC': 'UZ', 'AM': '2', 'MD': '0', 'HE': 'M0', 'CA': 'G2', 'HI': '2M', 'CG': 'FR'}, 'recalls': {'status': 'None', 'message': 'No recalls', 'tab_text': 'Überprüfungsaktion (0)'}}
2026-03-02 09:46:53,100 - INFO - Navigating to 'Dokumentation' tab via UI clicks...
2026-03-02 09:46:55,300 - INFO - Dumping 113 links for debugging...
2026-03-02 09:46:55,771 - INFO - Clicked submenu via JS: Dokumentation Citroën
2026-03-02 09:46:57,774 - INFO - Searching for Wartungspläne across all frames...
2026-03-02 09:46:57,957 - INFO - Searching for Wartungsübersicht tab...
2026-03-02 09:47:00,971 - INFO - Searching for Einsatzbedingungen dropdown...
2026-03-02 09:47:01,044 - INFO - Searching for btnRechercher...
2026-03-02 09:47:01,706 - INFO - Waiting for popup URL to settle...
2026-03-02 09:47:01,706 - INFO - Final Popup URL: https://servicebox.peugeot.com/docapvpr/synthesePE.do?condutil=4639_0244613299918KCO&condutilsevere=4640_0244613378973oCo
2026-03-02 16:11:16,358 - INFO - [ServiceBoxDownloader] Starting download for VIN: VF3CCHMZ6HW053698
2026-03-02 16:11:31,247 - INFO - No new popup detected, using current page.
2026-03-02 16:11:31,251 - INFO - Attempting to enter VIN: VF3CCHMZ6HW053698
2026-03-02 16:12:01,499 - INFO - Navigation timeout. Checking content...
2026-03-02 16:12:01,569 - INFO - Dashboard loaded. Extracting vehicle data (initial)...
2026-03-02 16:12:01,647 - INFO - Extracted Model: 
2026-03-02 16:12:01,648 - INFO - Extracted data: {'warranty': {'Garantiebeginndatum': '20/04/2017', 'Verkaufsland': 'AT', 'Verkaufshändler': '0112208', 'Garantieende': '20/04/2019', 'Zuständiges Land': 'AT', 'Zuständiger HDL': '0303158', 'Garantieende Korrosion': '20/04/2029', 'Model': ''}, 'lcdv': {'G': '1', 'M': 'P', 'LP': 'IA', 'SI': 'A5', 'F': 'L', 'MO': 'KQ', 'BV': '5', 'BC': 'B0', 'CC': 'A0', 'AM': 'G', 'MD': '0', 'HE': 'P0', 'CA': 'WP', 'HI': '40', 'CG': 'FX'}, 'recalls': {'status': 'None', 'message': 'No recalls', 'tab_text': 'Überprüfungsaktion (0)'}}
2026-03-02 16:12:01,648 - INFO - Navigating to 'Dokumentation' tab via UI clicks...
2026-03-02 16:12:03,821 - INFO - Dumping 109 links for debugging...
2026-03-02 16:12:04,284 - INFO - Clicked submenu via JS: Dokumentation Peugeot
2026-03-02 16:12:06,298 - INFO - Searching for Wartungspläne across all frames...
2026-03-02 16:12:06,437 - INFO - Searching for Wartungsübersicht tab...
2026-03-02 16:12:10,635 - INFO - Searching for Einsatzbedingungen dropdown...
2026-03-02 16:12:10,703 - INFO - Searching for btnRechercher...
2026-03-02 16:12:11,295 - INFO - Waiting for popup URL to settle...
2026-03-02 16:12:11,296 - INFO - Final Popup URL: https://servicebox.peugeot.com/docapvpr/synthesePE.do?condutil=8107_0244613299918KCO&condutilsevere=8108_0244613378973oCo
2026-03-02 17:57:02,616 - INFO - [ServiceBoxDownloader] Starting download for VIN: BZ038648
2026-03-02 17:57:19,427 - INFO - No new popup detected, using current page.
2026-03-02 17:57:19,431 - INFO - Attempting to enter VIN: BZ038648
2026-03-02 17:57:49,679 - INFO - Navigation timeout. Checking content...
2026-03-02 17:57:49,779 - INFO - Dashboard loaded. Extracting vehicle data (initial)...
2026-03-02 17:57:49,874 - INFO - Extracted Model: 
2026-03-02 17:57:49,874 - INFO - Extracted data: {'warranty': {'Garantiebeginndatum': '05/07/2011', 'Verkaufsland': 'AT', 'Verkaufshändler': '0202218', 'Garantieende': '05/07/2013', 'Zuständiges Land': 'AT', 'Zuständiger HDL': '0303158', 'Garantieende Korrosion': '05/07/2023', 'Model': ''}, 'lcdv': {'G': '1', 'M': 'P', 'LP': 'VV', 'SI': 'AF', 'F': 'T', 'MO': 'BR', 'BV': '6', 'BC': '04', 'CC': 'A0', 'AM': '7', 'MD': '0', 'HE': 'P0', 'CA': 'WP', 'HI': '6F', 'CG': 'FR'}, 'recalls': {'status': 'None', 'message': 'No recalls', 'tab_text': 'Überprüfungsaktion (0)'}}
2026-03-02 17:57:49,875 - INFO - Navigating to 'Dokumentation' tab via UI clicks...
2026-03-02 17:57:52,087 - INFO - Dumping 113 links for debugging...
2026-03-02 17:57:52,766 - INFO - Clicked submenu via JS: Dokumentation Peugeot
2026-03-02 17:57:54,779 - INFO - Searching for Wartungspläne across all frames...
2026-03-02 17:57:54,924 - INFO - Searching for Wartungsübersicht tab...
2026-03-02 17:57:58,629 - INFO - Searching for Einsatzbedingungen dropdown...
2026-03-02 17:57:58,714 - INFO - Searching for btnRechercher...
2026-03-02 17:57:59,196 - INFO - Waiting for popup URL to settle...
2026-03-02 17:57:59,196 - INFO - Final Popup URL: https://servicebox.peugeot.com/docapvpr/synthesePE.do?condutil=4675_0244613299918KCO&condutilsevere=4676_0244613378973oCo
2026-03-02 18:31:11,266 - ERROR - [QueueManager] Failed to connect to Redis. Falling back to SQL polling mode. Error: Error 10061 connecting to localhost:6379. Es konnte keine Verbindung hergestellt werden, da der Zielcomputer die Verbindung verweigerte.
2026-03-02 18:31:11,278 - INFO - Initializing Database...
2026-03-02 18:31:11,344 - INFO - Starting ServiceBox API Server...
2026-03-02 18:31:11,344 - INFO - Docs available at http://localhost:8005/docs
2026-03-02 18:31:11,387 - INFO - Starting ServiceBox API...
2026-03-02 18:31:11,390 - INFO - Garbage Collection & Paperless Sync thread started.
2026-03-02 18:31:11,390 - INFO - JobManager Worker started.
2026-03-02 18:31:11,393 - INFO - Syncing offline PDF found in downloads: BZ038648_20260221_104054_Wartungsplan.pdf
2026-03-02 18:31:11,637 - INFO - Successfully pushed to Paperless. Response: "87674471-a287-4683-b480-f195570c72b8"
2026-03-02 18:31:13,678 - INFO - Successfully synced BZ038648_20260221_104054_Wartungsplan.pdf to Paperless. Deleting local copy.
2026-03-02 18:31:13,683 - INFO - Syncing offline PDF found in downloads: BZ038648_20260302_175800_Wartungsplan.pdf
2026-03-02 18:31:13,833 - INFO - Successfully pushed to Paperless. Response: "075a1a6f-c783-449f-ada0-55b7b69862bd"
2026-03-02 18:31:15,888 - INFO - Successfully synced BZ038648_20260302_175800_Wartungsplan.pdf to Paperless. Deleting local copy.
2026-03-02 18:31:15,890 - INFO - Syncing offline PDF found in downloads: VF3EBRHD8BZ038648_20260212_203516_Wartungsplan.pdf
2026-03-02 18:31:16,063 - INFO - Successfully pushed to Paperless. Response: "0b7e81f2-f309-4e84-8eb7-b49ba4341d05"
2026-03-02 18:31:18,123 - INFO - Successfully synced VF3EBRHD8BZ038648_20260212_203516_Wartungsplan.pdf to Paperless. Deleting local copy.
2026-03-02 18:31:18,126 - INFO - Syncing offline PDF found in downloads: VF3EBRHD8BZ038648_20260219_210545_Wartungsplan.pdf
2026-03-02 18:31:18,311 - INFO - Successfully pushed to Paperless. Response: "d300ed90-00ce-461f-a360-9b9d8984a4f7"
2026-03-02 18:31:20,377 - INFO - Successfully synced VF3EBRHD8BZ038648_20260219_210545_Wartungsplan.pdf to Paperless. Deleting local copy.
2026-03-02 18:31:20,380 - INFO - Syncing offline PDF found in downloads: VF3EBRHD8BZ038648_20260219_211721_Wartungsplan.pdf
2026-03-02 18:31:20,578 - INFO - Successfully pushed to Paperless. Response: "56cec081-57cb-48b1-8828-24ce6d8bc15d"
2026-03-02 18:31:22,637 - INFO - Successfully synced VF3EBRHD8BZ038648_20260219_211721_Wartungsplan.pdf to Paperless. Deleting local copy.
2026-03-02 18:31:22,639 - INFO - Syncing offline PDF found in downloads: VF3EBRHD8BZ038648_20260221_102014_Wartungsplan.pdf
2026-03-02 18:31:22,857 - INFO - Successfully pushed to Paperless. Response: "ac85ba11-4e22-4d7a-8b9a-fbe9569eb178"
2026-03-02 18:31:24,908 - INFO - Successfully synced VF3EBRHD8BZ038648_20260221_102014_Wartungsplan.pdf to Paperless. Deleting local copy.
2026-03-02 18:31:24,910 - INFO - Syncing offline PDF found in downloads: VF3EBRHD8BZ038648_20260221_104857_Wartungsplan.pdf
2026-03-02 18:31:25,095 - INFO - Successfully pushed to Paperless. Response: "e0ee6f11-0782-402d-b4e3-e29d7791a1ca"
2026-03-02 18:31:27,152 - INFO - Successfully synced VF3EBRHD8BZ038648_20260221_104857_Wartungsplan.pdf to Paperless. Deleting local copy.
2026-03-02 18:31:27,154 - INFO - Syncing offline PDF found in downloads: VF3EBRHD8BZ038648_20260221_131117_Wartungsplan.pdf
2026-03-02 18:31:27,327 - INFO - Successfully pushed to Paperless. Response: "c3301259-a467-4f52-8fdb-0f7c3079d1a2"
2026-03-02 18:31:29,370 - INFO - Successfully synced VF3EBRHD8BZ038648_20260221_131117_Wartungsplan.pdf to Paperless. Deleting local copy.
2026-03-02 18:31:29,372 - INFO - Syncing offline PDF found in downloads: VF3EBRHD8BZ038648_20260221_131205_Wartungsplan.pdf
2026-03-02 18:31:29,521 - INFO - Successfully pushed to Paperless. Response: "e6a28a7d-bfa5-41d4-9911-d24456c44e8f"
2026-03-02 18:31:31,586 - INFO - Successfully synced VF3EBRHD8BZ038648_20260221_131205_Wartungsplan.pdf to Paperless. Deleting local copy.
2026-03-02 18:31:31,588 - INFO - Syncing offline PDF found in downloads: VF3EBRHD8BZ038648_20260221_132654_Wartungsplan.pdf
2026-03-02 18:31:31,740 - INFO - Successfully pushed to Paperless. Response: "9fbd5674-094b-4285-9d8b-d9371fcfdf0b"
2026-03-02 18:31:33,802 - INFO - Successfully synced VF3EBRHD8BZ038648_20260221_132654_Wartungsplan.pdf to Paperless. Deleting local copy.
2026-03-02 18:31:33,804 - INFO - Syncing offline PDF found in downloads: VF3MCYHZRKS406609_20260220_200922_Wartungsplan.pdf
2026-03-02 18:31:33,984 - INFO - Successfully pushed to Paperless. Response: "bd6d59c0-ed22-4197-85ee-d9851d7e3016"
2026-03-02 18:31:36,038 - INFO - Successfully synced VF3MCYHZRKS406609_20260220_200922_Wartungsplan.pdf to Paperless. Deleting local copy.
2026-03-02 18:31:36,040 - INFO - Syncing offline PDF found in downloads: VF3MCYHZRKS406609_20260221_103637_Wartungsplan.pdf
2026-03-02 18:31:36,209 - INFO - Successfully pushed to Paperless. Response: "c59bc957-b3a6-4084-af7e-644c5b24fddf"
2026-03-02 18:31:38,247 - INFO - Successfully synced VF3MCYHZRKS406609_20260221_103637_Wartungsplan.pdf to Paperless. Deleting local copy.
2026-03-02 18:31:38,249 - INFO - Syncing offline PDF found in downloads: VF3MCYHZRKS496649_20260213_145016_Wartungsplan.pdf
2026-03-02 18:31:38,430 - INFO - Successfully pushed to Paperless. Response: "bf0a84b0-a45e-494e-b56d-587b0c0ef70a"
2026-03-02 18:31:40,668 - INFO - Successfully synced VF3MCYHZRKS496649_20260213_145016_Wartungsplan.pdf to Paperless. Deleting local copy.
2026-03-02 18:31:40,670 - INFO - Syncing offline PDF found in downloads: VF3MCYHZRLL006667_20260213_142117_Wartungsplan.pdf
2026-03-02 18:31:40,859 - INFO - Successfully pushed to Paperless. Response: "c93f7ac8-7b39-46f7-b70d-44e68097368a"
2026-03-02 18:31:42,889 - INFO - Successfully synced VF3MCYHZRLL006667_20260213_142117_Wartungsplan.pdf to Paperless. Deleting local copy.
2026-03-02 18:31:42,891 - INFO - Syncing offline PDF found in downloads: VF3MCYHZRLL006667_20260213_142557_Wartungsplan.pdf
2026-03-02 18:31:43,069 - INFO - Successfully pushed to Paperless. Response: "40bc33d8-6fe9-46ac-b0b3-b074d5cee107"
2026-03-02 18:31:45,101 - INFO - Successfully synced VF3MCYHZRLL006667_20260213_142557_Wartungsplan.pdf to Paperless. Deleting local copy.
2026-03-02 18:31:45,109 - INFO - Syncing offline PDF found in downloads: VF3MCYHZRLL006667_20260213_144041_Wartungsplan.pdf
2026-03-02 18:31:45,262 - INFO - Successfully pushed to Paperless. Response: "4aadc795-bd28-44de-8389-7f273097783a"
2026-03-02 18:31:47,313 - INFO - Successfully synced VF3MCYHZRLL006667_20260213_144041_Wartungsplan.pdf to Paperless. Deleting local copy.
2026-03-02 18:31:47,316 - INFO - Syncing offline PDF found in downloads: VF3MCYHZRLL006667_20260213_144232_Wartungsplan.pdf
2026-03-02 18:31:47,494 - INFO - Successfully pushed to Paperless. Response: "3edf42ae-2ced-4aea-86b3-4998dc256c2d"
2026-03-02 18:31:49,523 - INFO - Successfully synced VF3MCYHZRLL006667_20260213_144232_Wartungsplan.pdf to Paperless. Deleting local copy.
2026-03-02 18:31:49,525 - INFO - Syncing offline PDF found in downloads: VF3MCYHZRLL006667_20260213_144928_Wartungsplan.pdf
2026-03-02 18:31:49,692 - INFO - Successfully pushed to Paperless. Response: "1fa5b4e9-1f4b-41aa-b64d-7db35b10cae9"
2026-03-02 18:31:51,736 - INFO - Successfully synced VF3MCYHZRLL006667_20260213_144928_Wartungsplan.pdf to Paperless. Deleting local copy.
2026-03-02 18:31:51,738 - INFO - Syncing offline PDF found in downloads: VF3MCYHZRLL006667_20260213_170100_Wartungsplan.pdf
2026-03-02 18:31:51,922 - INFO - Successfully pushed to Paperless. Response: "cf019d9c-c017-47a5-8845-125e85758c6b"
2026-03-02 18:31:53,964 - INFO - Successfully synced VF3MCYHZRLL006667_20260213_170100_Wartungsplan.pdf to Paperless. Deleting local copy.
2026-03-02 18:31:53,966 - INFO - Syncing offline PDF found in downloads: VF3MCYHZRLL006667_20260213_170252_Wartungsplan.pdf
2026-03-02 18:31:54,148 - INFO - Successfully pushed to Paperless. Response: "5a0ad16b-b9bc-45ca-bd73-059823b9196e"
2026-03-02 18:31:56,178 - INFO - Successfully synced VF3MCYHZRLL006667_20260213_170252_Wartungsplan.pdf to Paperless. Deleting local copy.
2026-03-02 18:31:56,181 - INFO - Syncing offline PDF found in downloads: VF3MCYHZRLL006667_20260213_171128_Wartungsplan.pdf
2026-03-02 18:31:56,348 - INFO - Successfully pushed to Paperless. Response: "fa3fd130-9023-4ec3-b3c2-505fbd77ad5a"
2026-03-02 18:31:58,378 - INFO - Successfully synced VF3MCYHZRLL006667_20260213_171128_Wartungsplan.pdf to Paperless. Deleting local copy.
2026-03-02 18:31:58,380 - INFO - Syncing offline PDF found in downloads: VF3MCYHZRLL006667_20260213_172807_Wartungsplan.pdf
2026-03-02 18:31:58,534 - INFO - Successfully pushed to Paperless. Response: "28dcbcbd-6a3a-4342-898e-d8cec03895fc"
2026-03-02 18:32:00,569 - INFO - Successfully synced VF3MCYHZRLL006667_20260213_172807_Wartungsplan.pdf to Paperless. Deleting local copy.
2026-03-02 18:32:00,571 - INFO - Syncing offline PDF found in downloads: VF3MCYHZRLL006667_20260213_173034_Wartungsplan.pdf
2026-03-02 18:32:00,751 - INFO - Successfully pushed to Paperless. Response: "97dc88eb-8ba0-4e3f-904a-62168e7a091e"
2026-03-02 18:32:02,791 - INFO - Successfully synced VF3MCYHZRLL006667_20260213_173034_Wartungsplan.pdf to Paperless. Deleting local copy.
2026-03-02 18:32:02,793 - INFO - Syncing offline PDF found in downloads: VF3MCYHZRLL006667_20260213_180756_Wartungsplan.pdf
2026-03-02 18:32:02,965 - INFO - Successfully pushed to Paperless. Response: "23d14997-951b-4d93-b880-b1abdfcdd1b7"
2026-03-02 18:32:04,996 - INFO - Successfully synced VF3MCYHZRLL006667_20260213_180756_Wartungsplan.pdf to Paperless. Deleting local copy.
2026-03-02 18:32:04,998 - INFO - Syncing offline PDF found in downloads: VF7VFEHTMPZ044822_20260213_145325_Wartungsplan.pdf
2026-03-02 18:32:05,146 - INFO - Successfully pushed to Paperless. Response: "76fbbb51-14c5-4d25-aa27-0303fd458717"
2026-03-02 18:32:07,176 - INFO - Successfully synced VF7VFEHTMPZ044822_20260213_145325_Wartungsplan.pdf to Paperless. Deleting local copy.
2026-03-02 18:32:07,178 - INFO - Syncing offline PDF found in downloads: VR1J45GBUKY179922_20260213_145237_Wartungsplan.pdf
2026-03-02 18:32:07,320 - INFO - Successfully pushed to Paperless. Response: "892594d4-665c-4e64-9620-5e2f6fe7cbd7"
2026-03-02 18:32:09,351 - INFO - Successfully synced VR1J45GBUKY179922_20260213_145237_Wartungsplan.pdf to Paperless. Deleting local copy.
2026-03-02 18:32:09,353 - INFO - Syncing offline PDF found in downloads: VR1UJZKWZPW124195_20260225_133849_Wartungsplan.pdf
2026-03-02 18:32:09,460 - INFO - Successfully pushed to Paperless. Response: "e5062dfe-b5c7-4a90-adc4-7b45d3699868"
2026-03-02 18:32:11,501 - INFO - Successfully synced VR1UJZKWZPW124195_20260225_133849_Wartungsplan.pdf to Paperless. Deleting local copy.
2026-03-02 18:32:11,503 - INFO - Syncing offline PDF found in downloads: VR7CCHPV4ST050208_20260213_145150_Wartungsplan.pdf
2026-03-02 18:32:11,661 - INFO - Successfully pushed to Paperless. Response: "63445b65-8fc5-4b63-a2ef-2e9c25aca9da"
2026-03-02 18:32:13,691 - INFO - Successfully synced VR7CCHPV4ST050208_20260213_145150_Wartungsplan.pdf to Paperless. Deleting local copy.
2026-03-02 18:32:13,693 - INFO - Syncing offline PDF found in downloads: VR7ECYHZRLJ561266_20260213_145103_Wartungsplan.pdf
2026-03-02 18:32:13,866 - INFO - Successfully pushed to Paperless. Response: "37401022-e3ba-4711-bdf8-f3789d1bca10"
2026-03-02 18:32:15,924 - INFO - Successfully synced VR7ECYHZRLJ561266_20260213_145103_Wartungsplan.pdf to Paperless. Deleting local copy.
2026-03-02 18:42:08,483 - INFO - [ServiceBoxDownloader] Starting download for VIN: VF3MCYHZRKS406609
2026-03-02 18:42:17,368 - INFO - No new popup detected, using current page.
2026-03-02 18:42:17,372 - INFO - Attempting to enter VIN: VF3MCYHZRKS406609
2026-03-02 18:42:47,581 - INFO - Navigation timeout. Checking content...
2026-03-02 18:42:47,650 - INFO - Dashboard loaded. Extracting vehicle data (initial)...
2026-03-02 18:42:47,724 - INFO - Extracted Model: 
2026-03-02 18:42:47,725 - INFO - Extracted data: {'warranty': {'Model': ''}, 'lcdv': {}, 'recalls': {'status': 'Unknown', 'message': ''}}
2026-03-02 18:42:47,725 - INFO - Navigating to 'Dokumentation' tab via UI clicks...
2026-03-02 18:42:49,842 - INFO - Dumping 105 links for debugging...
2026-03-02 18:42:50,187 - INFO - Clicked submenu via JS: Dokumentation Peugeot
2026-03-02 18:42:52,190 - INFO - Searching for Wartungspläne across all frames...
2026-03-02 18:42:55,123 - INFO - Searching for Wartungsübersicht tab...
2026-03-02 18:42:56,060 - INFO - Searching for Einsatzbedingungen dropdown...
2026-03-02 18:42:56,133 - INFO - Searching for btnRechercher...
2026-03-02 18:42:56,710 - INFO - Waiting for popup URL to settle...
2026-03-02 18:42:56,711 - INFO - Final Popup URL: https://servicebox.peugeot.com/docapvpr/synthesePE.do?condutil=8433_0244613299918KCO&condutilsevere=8434_0244613378973oCo
2026-03-02 18:47:16,345 - INFO - Syncing offline PDF found in downloads: VF3MCYHZRKS406609_20260302_184257_Wartungsplan.pdf
2026-03-02 18:47:16,537 - INFO - Successfully pushed to Paperless. Response: "c2b4173b-5ae5-400a-a7d9-5e89b39773b3"
2026-03-02 18:47:18,601 - INFO - Successfully synced VF3MCYHZRKS406609_20260302_184257_Wartungsplan.pdf to Paperless. Deleting local copy.
2026-03-02 18:53:46,331 - INFO - Processing Job 9ce27384-ef17-4ed2-98f5-f7d88af6a962 (VIN: VF3EBRHD8BZ038648)
2026-03-02 18:53:46,334 - INFO - [Factory] Routing VIN VF3EBRHD8BZ038648 (WMI: VF3) -> Recognized Brand: Peugeot
2026-03-02 18:53:46,334 - INFO - [ServiceBoxDownloader] Starting download for VIN: VF3EBRHD8BZ038648
2026-03-02 18:53:54,584 - INFO - No new popup detected, using current page.
2026-03-02 18:53:54,588 - INFO - Attempting to enter VIN: VF3EBRHD8BZ038648
2026-03-02 18:54:24,767 - INFO - Navigation timeout. Checking content...
2026-03-02 18:54:24,845 - INFO - Dashboard loaded. Extracting vehicle data (initial)...
2026-03-02 18:54:24,924 - INFO - Extracted Model: 
2026-03-02 18:54:24,925 - INFO - Extracted data: {'warranty': {'Garantiebeginndatum': '05/07/2011', 'Verkaufsland': 'AT', 'Verkaufshändler': '0202218', 'Garantieende': '05/07/2013', 'Zuständiges Land': 'AT', 'Zuständiger HDL': '0303158', 'Garantieende Korrosion': '05/07/2023', 'Model': ''}, 'lcdv': {'G': '1', 'M': 'P', 'LP': 'VV', 'SI': 'AF', 'F': 'T', 'MO': 'BR', 'BV': '6', 'BC': '04', 'CC': 'A0', 'AM': '7', 'MD': '0', 'HE': 'P0', 'CA': 'WP', 'HI': '6F', 'CG': 'FR'}, 'recalls': {'status': 'None', 'message': 'No recalls', 'tab_text': 'Überprüfungsaktion (0)'}}
2026-03-02 18:54:24,928 - INFO - Navigating to 'Dokumentation' tab via UI clicks...
2026-03-02 18:54:27,147 - INFO - Dumping 113 links for debugging...
2026-03-02 18:54:27,612 - INFO - Clicked submenu via JS: Dokumentation Peugeot
2026-03-02 18:54:29,626 - INFO - Searching for Wartungspläne across all frames...
2026-03-02 18:54:29,758 - INFO - Searching for Wartungsübersicht tab...
2026-03-02 18:54:33,431 - INFO - Searching for Einsatzbedingungen dropdown...
2026-03-02 18:54:33,544 - INFO - Searching for btnRechercher...
2026-03-02 18:54:34,206 - INFO - Waiting for popup URL to settle...
2026-03-02 18:54:34,207 - INFO - Final Popup URL: https://servicebox.peugeot.com/docapvpr/synthesePE.do?condutil=4675_0244613299918KCO&condutilsevere=4676_0244613378973oCo
2026-03-02 18:54:35,960 - INFO - Successfully pushed to Paperless. Response: "5cfabca1-b596-4242-8c54-1eeb0a7d2f18"
2026-03-02 18:54:38,044 - INFO - Uploaded C:\##-Antigravity\servicebox\downloads\VF3EBRHD8BZ038648_20260302_185435_Wartungsplan.pdf to Paperless with ID: 641
2026-03-02 18:58:51,696 - ERROR - [QueueManager] Failed to connect to Redis. Falling back to SQL polling mode. Error: Error 10061 connecting to localhost:6379. Es konnte keine Verbindung hergestellt werden, da der Zielcomputer die Verbindung verweigerte.
2026-03-02 18:58:51,721 - INFO - Initializing Database...
2026-03-02 18:58:51,843 - INFO - Starting ServiceBox API Server...
2026-03-02 18:58:51,844 - INFO - Docs available at http://localhost:8005/docs
2026-03-02 18:58:51,911 - INFO - Starting ServiceBox API...
2026-03-02 18:58:51,914 - INFO - Garbage Collection & Paperless Sync thread started.
2026-03-02 18:58:51,915 - INFO - JobManager Worker started.
2026-03-02 18:58:51,915 - INFO - Syncing offline PDF found in downloads: VF3EBRHD8BZ038648_20260302_185435_Wartungsplan.pdf
2026-03-02 18:58:51,919 - INFO - Shutting down ServiceBox API...
2026-03-02 18:58:51,919 - INFO - JobManager Worker stopping...
2026-03-02 19:01:06,337 - INFO - Processing Job 158bbc2c-2c83-42a7-9993-c816e27148c5 (VIN: VF3EBRHD8BZ038648)
2026-03-02 19:01:06,450 - INFO - [Factory] Routing VIN VF3EBRHD8BZ038648 (WMI: VF3) -> Recognized Brand: Peugeot
2026-03-02 19:01:06,460 - INFO - [ServiceBoxDownloader] Starting download for VIN: VF3EBRHD8BZ038648
2026-03-02 19:01:18,156 - INFO - No new popup detected, using current page.
2026-03-02 19:01:18,161 - INFO - Attempting to enter VIN: VF3EBRHD8BZ038648
2026-03-02 19:01:48,412 - INFO - Navigation timeout. Checking content...
2026-03-02 19:01:48,479 - INFO - Dashboard loaded. Extracting vehicle data (initial)...
2026-03-02 19:01:48,561 - INFO - Extracted Model: 
2026-03-02 19:01:48,562 - INFO - Extracted data: {'warranty': {'Garantiebeginndatum': '05/07/2011', 'Verkaufsland': 'AT', 'Verkaufshändler': '0202218', 'Garantieende': '05/07/2013', 'Zuständiges Land': 'AT', 'Zuständiger HDL': '0303158', 'Garantieende Korrosion': '05/07/2023', 'Model': ''}, 'lcdv': {'G': '1', 'M': 'P', 'LP': 'VV', 'SI': 'AF', 'F': 'T', 'MO': 'BR', 'BV': '6', 'BC': '04', 'CC': 'A0', 'AM': '7', 'MD': '0', 'HE': 'P0', 'CA': 'WP', 'HI': '6F', 'CG': 'FR'}, 'recalls': {'status': 'None', 'message': 'No recalls', 'tab_text': 'Überprüfungsaktion (0)'}}
2026-03-02 19:01:48,563 - INFO - Navigating to 'Dokumentation' tab via UI clicks...
2026-03-02 19:01:50,730 - INFO - Dumping 113 links for debugging...
2026-03-02 19:01:51,131 - INFO - Clicked submenu via JS: Dokumentation Peugeot
2026-03-02 19:01:53,137 - INFO - Searching for Wartungspläne across all frames...
2026-03-02 19:01:53,294 - INFO - Searching for Wartungsübersicht tab...
2026-03-02 19:01:56,933 - INFO - Searching for Einsatzbedingungen dropdown...
2026-03-02 19:01:57,036 - INFO - Searching for btnRechercher...
2026-03-02 19:01:57,528 - INFO - Waiting for popup URL to settle...
2026-03-02 19:01:57,528 - INFO - Final Popup URL: https://servicebox.peugeot.com/docapvpr/synthesePE.do?condutil=4675_0244613299918KCO&condutilsevere=4676_0244613378973oCo
2026-03-02 19:01:59,247 - INFO - Successfully pushed to Paperless. Response: "fc375edb-b2bc-4265-8c02-f7e7da382b73"
2026-03-02 19:02:01,367 - INFO - Uploaded C:\##-Antigravity\servicebox\downloads\VF3EBRHD8BZ038648_20260302_190158_Wartungsplan.pdf to Paperless with ID: 641
2026-03-02 19:02:19,047 - INFO - Syncing offline PDF found in downloads: VF3EBRHD8BZ038648_20260302_185435_Wartungsplan.pdf
2026-03-02 19:02:19,206 - INFO - Successfully pushed to Paperless. Response: "08981aaf-76ed-4fe2-bf90-e288005d6ac2"
2026-03-02 19:02:21,255 - INFO - Successfully synced VF3EBRHD8BZ038648_20260302_185435_Wartungsplan.pdf to Paperless. Deleting local copy.
2026-03-02 19:02:21,259 - INFO - Syncing offline PDF found in downloads: VF3EBRHD8BZ038648_20260302_190158_Wartungsplan.pdf
2026-03-02 19:02:21,429 - INFO - Successfully pushed to Paperless. Response: "a72679a1-cae0-46a4-b319-e1ebab08ec33"
2026-03-02 19:02:23,496 - INFO - Successfully synced VF3EBRHD8BZ038648_20260302_190158_Wartungsplan.pdf to Paperless. Deleting local copy.
2026-03-02 19:03:25,412 - WARNING - Shutdown requested via API.
2026-03-02 19:03:53,598 - ERROR - [QueueManager] Failed to connect to Redis. Falling back to SQL polling mode. Error: Error 10061 connecting to localhost:6379. Es konnte keine Verbindung hergestellt werden, da der Zielcomputer die Verbindung verweigerte.
2026-03-02 19:03:53,607 - INFO - Initializing Database...
2026-03-02 19:03:53,683 - INFO - Starting ServiceBox API Server...
2026-03-02 19:03:53,683 - INFO - Docs available at http://localhost:8005/docs
2026-03-02 19:03:53,715 - INFO - Starting ServiceBox API...
2026-03-02 19:03:53,717 - INFO - Garbage Collection & Paperless Sync thread started.
2026-03-02 19:03:53,718 - INFO - JobManager Worker started.
